2019-03-25 at 10:53:00 CST ERROR org.apache.hadoop.util.Shell 374 getWinUtilsPath - Failed to locate the winutils binary in the hadoop binary path java.io.IOException: Could not locate executable null\bin\winutils.exe in the Hadoop binaries.
	at org.apache.hadoop.util.Shell.getQualifiedBinPath(Shell.java:356) ~[hadoop-common-2.7.1.jar:?]
	at org.apache.hadoop.util.Shell.getWinUtilsPath(Shell.java:371) [hadoop-common-2.7.1.jar:?]
	at org.apache.hadoop.util.Shell.<clinit>(Shell.java:364) [hadoop-common-2.7.1.jar:?]
	at org.apache.hadoop.util.StringUtils.<clinit>(StringUtils.java:80) [hadoop-common-2.7.1.jar:?]
	at org.apache.hadoop.security.SecurityUtil.getAuthenticationMethod(SecurityUtil.java:611) [hadoop-common-2.7.1.jar:?]
	at org.apache.hadoop.security.UserGroupInformation.initialize(UserGroupInformation.java:272) [hadoop-common-2.7.1.jar:?]
	at org.apache.hadoop.security.UserGroupInformation.setConfiguration(UserGroupInformation.java:311) [hadoop-common-2.7.1.jar:?]
	at com.tauriel.demo.es_sql_demo.JdbcTest_Kerberos_Druid.esKerberosDruidDataSource(JdbcTest_Kerberos_Druid.java:83) [classes/:?]
	at com.tauriel.demo.es_sql_demo.JdbcTest_Kerberos_Druid.test(JdbcTest_Kerberos_Druid.java:113) [classes/:?]
	at sun.reflect.NativeMethodAccessorImpl.invoke0(Native Method) ~[?:1.8.0_111]
	at sun.reflect.NativeMethodAccessorImpl.invoke(NativeMethodAccessorImpl.java:62) ~[?:1.8.0_111]
	at sun.reflect.DelegatingMethodAccessorImpl.invoke(DelegatingMethodAccessorImpl.java:43) ~[?:1.8.0_111]
	at java.lang.reflect.Method.invoke(Method.java:498) ~[?:1.8.0_111]
	at org.junit.runners.model.FrameworkMethod$1.runReflectiveCall(FrameworkMethod.java:50) [junit-4.12.jar:4.12]
	at org.junit.internal.runners.model.ReflectiveCallable.run(ReflectiveCallable.java:12) [junit-4.12.jar:4.12]
	at org.junit.runners.model.FrameworkMethod.invokeExplosively(FrameworkMethod.java:47) [junit-4.12.jar:4.12]
	at org.junit.internal.runners.statements.InvokeMethod.evaluate(InvokeMethod.java:17) [junit-4.12.jar:4.12]
	at org.junit.runners.ParentRunner.runLeaf(ParentRunner.java:325) [junit-4.12.jar:4.12]
	at org.junit.runners.BlockJUnit4ClassRunner.runChild(BlockJUnit4ClassRunner.java:78) [junit-4.12.jar:4.12]
	at org.junit.runners.BlockJUnit4ClassRunner.runChild(BlockJUnit4ClassRunner.java:57) [junit-4.12.jar:4.12]
	at org.junit.runners.ParentRunner$3.run(ParentRunner.java:290) [junit-4.12.jar:4.12]
	at org.junit.runners.ParentRunner$1.schedule(ParentRunner.java:71) [junit-4.12.jar:4.12]
	at org.junit.runners.ParentRunner.runChildren(ParentRunner.java:288) [junit-4.12.jar:4.12]
	at org.junit.runners.ParentRunner.access$000(ParentRunner.java:58) [junit-4.12.jar:4.12]
	at org.junit.runners.ParentRunner$2.evaluate(ParentRunner.java:268) [junit-4.12.jar:4.12]
	at org.junit.runners.ParentRunner.run(ParentRunner.java:363) [junit-4.12.jar:4.12]
	at org.junit.runner.JUnitCore.run(JUnitCore.java:137) [junit-4.12.jar:4.12]
	at com.intellij.junit4.JUnit4IdeaTestRunner.startRunnerWithArgs(JUnit4IdeaTestRunner.java:68) [junit-rt.jar:?]
	at com.intellij.rt.execution.junit.IdeaTestRunner$Repeater.startRunnerWithArgs(IdeaTestRunner.java:47) [junit-rt.jar:?]
	at com.intellij.rt.execution.junit.JUnitStarter.prepareStreamsAndStart(JUnitStarter.java:242) [junit-rt.jar:?]
	at com.intellij.rt.execution.junit.JUnitStarter.main(JUnitStarter.java:70) [junit-rt.jar:?]

2019-03-25 at 10:53:00 CST WARN  org.apache.hadoop.util.NativeCodeLoader 62 <clinit> - Unable to load native-hadoop library for your platform... using builtin-java classes where applicable
2019-03-25 at 10:58:25 CST ERROR org.apache.hadoop.util.Shell 374 getWinUtilsPath - Failed to locate the winutils binary in the hadoop binary path java.io.IOException: Could not locate executable null\bin\winutils.exe in the Hadoop binaries.
	at org.apache.hadoop.util.Shell.getQualifiedBinPath(Shell.java:356) ~[hadoop-common-2.7.1.jar:?]
	at org.apache.hadoop.util.Shell.getWinUtilsPath(Shell.java:371) [hadoop-common-2.7.1.jar:?]
	at org.apache.hadoop.util.Shell.<clinit>(Shell.java:364) [hadoop-common-2.7.1.jar:?]
	at org.apache.hadoop.util.StringUtils.<clinit>(StringUtils.java:80) [hadoop-common-2.7.1.jar:?]
	at org.apache.hadoop.security.SecurityUtil.getAuthenticationMethod(SecurityUtil.java:611) [hadoop-common-2.7.1.jar:?]
	at org.apache.hadoop.security.UserGroupInformation.initialize(UserGroupInformation.java:272) [hadoop-common-2.7.1.jar:?]
	at org.apache.hadoop.security.UserGroupInformation.setConfiguration(UserGroupInformation.java:311) [hadoop-common-2.7.1.jar:?]
	at com.tauriel.demo.es_sql_demo.JdbcTest_Kerberos_Druid.esKerberosDruidDataSource(JdbcTest_Kerberos_Druid.java:83) [classes/:?]
	at com.tauriel.demo.es_sql_demo.JdbcTest_Kerberos_Druid.test(JdbcTest_Kerberos_Druid.java:113) [classes/:?]
	at sun.reflect.NativeMethodAccessorImpl.invoke0(Native Method) ~[?:1.8.0_111]
	at sun.reflect.NativeMethodAccessorImpl.invoke(NativeMethodAccessorImpl.java:62) ~[?:1.8.0_111]
	at sun.reflect.DelegatingMethodAccessorImpl.invoke(DelegatingMethodAccessorImpl.java:43) ~[?:1.8.0_111]
	at java.lang.reflect.Method.invoke(Method.java:498) ~[?:1.8.0_111]
	at org.junit.runners.model.FrameworkMethod$1.runReflectiveCall(FrameworkMethod.java:50) [junit-4.12.jar:4.12]
	at org.junit.internal.runners.model.ReflectiveCallable.run(ReflectiveCallable.java:12) [junit-4.12.jar:4.12]
	at org.junit.runners.model.FrameworkMethod.invokeExplosively(FrameworkMethod.java:47) [junit-4.12.jar:4.12]
	at org.junit.internal.runners.statements.InvokeMethod.evaluate(InvokeMethod.java:17) [junit-4.12.jar:4.12]
	at org.junit.runners.ParentRunner.runLeaf(ParentRunner.java:325) [junit-4.12.jar:4.12]
	at org.junit.runners.BlockJUnit4ClassRunner.runChild(BlockJUnit4ClassRunner.java:78) [junit-4.12.jar:4.12]
	at org.junit.runners.BlockJUnit4ClassRunner.runChild(BlockJUnit4ClassRunner.java:57) [junit-4.12.jar:4.12]
	at org.junit.runners.ParentRunner$3.run(ParentRunner.java:290) [junit-4.12.jar:4.12]
	at org.junit.runners.ParentRunner$1.schedule(ParentRunner.java:71) [junit-4.12.jar:4.12]
	at org.junit.runners.ParentRunner.runChildren(ParentRunner.java:288) [junit-4.12.jar:4.12]
	at org.junit.runners.ParentRunner.access$000(ParentRunner.java:58) [junit-4.12.jar:4.12]
	at org.junit.runners.ParentRunner$2.evaluate(ParentRunner.java:268) [junit-4.12.jar:4.12]
	at org.junit.runners.ParentRunner.run(ParentRunner.java:363) [junit-4.12.jar:4.12]
	at org.junit.runner.JUnitCore.run(JUnitCore.java:137) [junit-4.12.jar:4.12]
	at com.intellij.junit4.JUnit4IdeaTestRunner.startRunnerWithArgs(JUnit4IdeaTestRunner.java:68) [junit-rt.jar:?]
	at com.intellij.rt.execution.junit.IdeaTestRunner$Repeater.startRunnerWithArgs(IdeaTestRunner.java:47) [junit-rt.jar:?]
	at com.intellij.rt.execution.junit.JUnitStarter.prepareStreamsAndStart(JUnitStarter.java:242) [junit-rt.jar:?]
	at com.intellij.rt.execution.junit.JUnitStarter.main(JUnitStarter.java:70) [junit-rt.jar:?]

2019-03-25 at 10:58:25 CST WARN  org.apache.hadoop.util.NativeCodeLoader 62 <clinit> - Unable to load native-hadoop library for your platform... using builtin-java classes where applicable
2019-03-25 at 11:02:29 CST ERROR org.apache.hadoop.util.Shell 374 getWinUtilsPath - Failed to locate the winutils binary in the hadoop binary path java.io.IOException: Could not locate executable null\bin\winutils.exe in the Hadoop binaries.
	at org.apache.hadoop.util.Shell.getQualifiedBinPath(Shell.java:356) ~[hadoop-common-2.7.1.jar:?]
	at org.apache.hadoop.util.Shell.getWinUtilsPath(Shell.java:371) [hadoop-common-2.7.1.jar:?]
	at org.apache.hadoop.util.Shell.<clinit>(Shell.java:364) [hadoop-common-2.7.1.jar:?]
	at org.apache.hadoop.util.StringUtils.<clinit>(StringUtils.java:80) [hadoop-common-2.7.1.jar:?]
	at org.apache.hadoop.security.SecurityUtil.getAuthenticationMethod(SecurityUtil.java:611) [hadoop-common-2.7.1.jar:?]
	at org.apache.hadoop.security.UserGroupInformation.initialize(UserGroupInformation.java:272) [hadoop-common-2.7.1.jar:?]
	at org.apache.hadoop.security.UserGroupInformation.setConfiguration(UserGroupInformation.java:311) [hadoop-common-2.7.1.jar:?]
	at com.tauriel.demo.es_sql_demo.JdbcTest_Kerberos_Druid.esKerberosDruidDataSource(JdbcTest_Kerberos_Druid.java:84) [classes/:?]
	at com.tauriel.demo.es_sql_demo.JdbcTest_Kerberos_Druid.test(JdbcTest_Kerberos_Druid.java:114) [classes/:?]
	at sun.reflect.NativeMethodAccessorImpl.invoke0(Native Method) ~[?:1.8.0_111]
	at sun.reflect.NativeMethodAccessorImpl.invoke(NativeMethodAccessorImpl.java:62) ~[?:1.8.0_111]
	at sun.reflect.DelegatingMethodAccessorImpl.invoke(DelegatingMethodAccessorImpl.java:43) ~[?:1.8.0_111]
	at java.lang.reflect.Method.invoke(Method.java:498) ~[?:1.8.0_111]
	at org.junit.runners.model.FrameworkMethod$1.runReflectiveCall(FrameworkMethod.java:50) [junit-4.12.jar:4.12]
	at org.junit.internal.runners.model.ReflectiveCallable.run(ReflectiveCallable.java:12) [junit-4.12.jar:4.12]
	at org.junit.runners.model.FrameworkMethod.invokeExplosively(FrameworkMethod.java:47) [junit-4.12.jar:4.12]
	at org.junit.internal.runners.statements.InvokeMethod.evaluate(InvokeMethod.java:17) [junit-4.12.jar:4.12]
	at org.junit.runners.ParentRunner.runLeaf(ParentRunner.java:325) [junit-4.12.jar:4.12]
	at org.junit.runners.BlockJUnit4ClassRunner.runChild(BlockJUnit4ClassRunner.java:78) [junit-4.12.jar:4.12]
	at org.junit.runners.BlockJUnit4ClassRunner.runChild(BlockJUnit4ClassRunner.java:57) [junit-4.12.jar:4.12]
	at org.junit.runners.ParentRunner$3.run(ParentRunner.java:290) [junit-4.12.jar:4.12]
	at org.junit.runners.ParentRunner$1.schedule(ParentRunner.java:71) [junit-4.12.jar:4.12]
	at org.junit.runners.ParentRunner.runChildren(ParentRunner.java:288) [junit-4.12.jar:4.12]
	at org.junit.runners.ParentRunner.access$000(ParentRunner.java:58) [junit-4.12.jar:4.12]
	at org.junit.runners.ParentRunner$2.evaluate(ParentRunner.java:268) [junit-4.12.jar:4.12]
	at org.junit.runners.ParentRunner.run(ParentRunner.java:363) [junit-4.12.jar:4.12]
	at org.junit.runner.JUnitCore.run(JUnitCore.java:137) [junit-4.12.jar:4.12]
	at com.intellij.junit4.JUnit4IdeaTestRunner.startRunnerWithArgs(JUnit4IdeaTestRunner.java:68) [junit-rt.jar:?]
	at com.intellij.rt.execution.junit.IdeaTestRunner$Repeater.startRunnerWithArgs(IdeaTestRunner.java:47) [junit-rt.jar:?]
	at com.intellij.rt.execution.junit.JUnitStarter.prepareStreamsAndStart(JUnitStarter.java:242) [junit-rt.jar:?]
	at com.intellij.rt.execution.junit.JUnitStarter.main(JUnitStarter.java:70) [junit-rt.jar:?]

2019-03-25 at 11:02:29 CST WARN  org.apache.hadoop.util.NativeCodeLoader 62 <clinit> - Unable to load native-hadoop library for your platform... using builtin-java classes where applicable
2019-03-25 at 11:02:40 CST ERROR org.apache.hadoop.util.Shell 374 getWinUtilsPath - Failed to locate the winutils binary in the hadoop binary path java.io.IOException: Could not locate executable null\bin\winutils.exe in the Hadoop binaries.
	at org.apache.hadoop.util.Shell.getQualifiedBinPath(Shell.java:356) ~[hadoop-common-2.7.1.jar:?]
	at org.apache.hadoop.util.Shell.getWinUtilsPath(Shell.java:371) [hadoop-common-2.7.1.jar:?]
	at org.apache.hadoop.util.Shell.<clinit>(Shell.java:364) [hadoop-common-2.7.1.jar:?]
	at org.apache.hadoop.util.StringUtils.<clinit>(StringUtils.java:80) [hadoop-common-2.7.1.jar:?]
	at org.apache.hadoop.security.SecurityUtil.getAuthenticationMethod(SecurityUtil.java:611) [hadoop-common-2.7.1.jar:?]
	at org.apache.hadoop.security.UserGroupInformation.initialize(UserGroupInformation.java:272) [hadoop-common-2.7.1.jar:?]
	at org.apache.hadoop.security.UserGroupInformation.setConfiguration(UserGroupInformation.java:311) [hadoop-common-2.7.1.jar:?]
	at com.tauriel.demo.es_sql_demo.JdbcTest_Kerberos_Druid.esKerberosDruidDataSource(JdbcTest_Kerberos_Druid.java:83) [classes/:?]
	at com.tauriel.demo.es_sql_demo.JdbcTest_Kerberos_Druid.test(JdbcTest_Kerberos_Druid.java:113) [classes/:?]
	at sun.reflect.NativeMethodAccessorImpl.invoke0(Native Method) ~[?:1.8.0_111]
	at sun.reflect.NativeMethodAccessorImpl.invoke(NativeMethodAccessorImpl.java:62) ~[?:1.8.0_111]
	at sun.reflect.DelegatingMethodAccessorImpl.invoke(DelegatingMethodAccessorImpl.java:43) ~[?:1.8.0_111]
	at java.lang.reflect.Method.invoke(Method.java:498) ~[?:1.8.0_111]
	at org.junit.runners.model.FrameworkMethod$1.runReflectiveCall(FrameworkMethod.java:50) [junit-4.12.jar:4.12]
	at org.junit.internal.runners.model.ReflectiveCallable.run(ReflectiveCallable.java:12) [junit-4.12.jar:4.12]
	at org.junit.runners.model.FrameworkMethod.invokeExplosively(FrameworkMethod.java:47) [junit-4.12.jar:4.12]
	at org.junit.internal.runners.statements.InvokeMethod.evaluate(InvokeMethod.java:17) [junit-4.12.jar:4.12]
	at org.junit.runners.ParentRunner.runLeaf(ParentRunner.java:325) [junit-4.12.jar:4.12]
	at org.junit.runners.BlockJUnit4ClassRunner.runChild(BlockJUnit4ClassRunner.java:78) [junit-4.12.jar:4.12]
	at org.junit.runners.BlockJUnit4ClassRunner.runChild(BlockJUnit4ClassRunner.java:57) [junit-4.12.jar:4.12]
	at org.junit.runners.ParentRunner$3.run(ParentRunner.java:290) [junit-4.12.jar:4.12]
	at org.junit.runners.ParentRunner$1.schedule(ParentRunner.java:71) [junit-4.12.jar:4.12]
	at org.junit.runners.ParentRunner.runChildren(ParentRunner.java:288) [junit-4.12.jar:4.12]
	at org.junit.runners.ParentRunner.access$000(ParentRunner.java:58) [junit-4.12.jar:4.12]
	at org.junit.runners.ParentRunner$2.evaluate(ParentRunner.java:268) [junit-4.12.jar:4.12]
	at org.junit.runners.ParentRunner.run(ParentRunner.java:363) [junit-4.12.jar:4.12]
	at org.junit.runner.JUnitCore.run(JUnitCore.java:137) [junit-4.12.jar:4.12]
	at com.intellij.junit4.JUnit4IdeaTestRunner.startRunnerWithArgs(JUnit4IdeaTestRunner.java:68) [junit-rt.jar:?]
	at com.intellij.rt.execution.junit.IdeaTestRunner$Repeater.startRunnerWithArgs(IdeaTestRunner.java:47) [junit-rt.jar:?]
	at com.intellij.rt.execution.junit.JUnitStarter.prepareStreamsAndStart(JUnitStarter.java:242) [junit-rt.jar:?]
	at com.intellij.rt.execution.junit.JUnitStarter.main(JUnitStarter.java:70) [junit-rt.jar:?]

2019-03-25 at 11:02:40 CST WARN  org.apache.hadoop.util.NativeCodeLoader 62 <clinit> - Unable to load native-hadoop library for your platform... using builtin-java classes where applicable
2019-03-25 at 11:18:22 CST ERROR org.apache.hadoop.util.Shell 374 getWinUtilsPath - Failed to locate the winutils binary in the hadoop binary path java.io.IOException: Could not locate executable null\bin\winutils.exe in the Hadoop binaries.
	at org.apache.hadoop.util.Shell.getQualifiedBinPath(Shell.java:356) ~[hadoop-common-2.7.1.jar:?]
	at org.apache.hadoop.util.Shell.getWinUtilsPath(Shell.java:371) [hadoop-common-2.7.1.jar:?]
	at org.apache.hadoop.util.Shell.<clinit>(Shell.java:364) [hadoop-common-2.7.1.jar:?]
	at org.apache.hadoop.util.StringUtils.<clinit>(StringUtils.java:80) [hadoop-common-2.7.1.jar:?]
	at org.apache.hadoop.security.SecurityUtil.getAuthenticationMethod(SecurityUtil.java:611) [hadoop-common-2.7.1.jar:?]
	at org.apache.hadoop.security.UserGroupInformation.initialize(UserGroupInformation.java:272) [hadoop-common-2.7.1.jar:?]
	at org.apache.hadoop.security.UserGroupInformation.setConfiguration(UserGroupInformation.java:311) [hadoop-common-2.7.1.jar:?]
	at com.tauriel.demo.es_sql_demo.JdbcTest_Kerberos_Druid.esKerberosDruidDataSource(JdbcTest_Kerberos_Druid.java:83) [classes/:?]
	at com.tauriel.demo.es_sql_demo.JdbcTest_Kerberos_Druid.test(JdbcTest_Kerberos_Druid.java:113) [classes/:?]
	at sun.reflect.NativeMethodAccessorImpl.invoke0(Native Method) ~[?:1.8.0_111]
	at sun.reflect.NativeMethodAccessorImpl.invoke(NativeMethodAccessorImpl.java:62) ~[?:1.8.0_111]
	at sun.reflect.DelegatingMethodAccessorImpl.invoke(DelegatingMethodAccessorImpl.java:43) ~[?:1.8.0_111]
	at java.lang.reflect.Method.invoke(Method.java:498) ~[?:1.8.0_111]
	at org.junit.runners.model.FrameworkMethod$1.runReflectiveCall(FrameworkMethod.java:50) [junit-4.12.jar:4.12]
	at org.junit.internal.runners.model.ReflectiveCallable.run(ReflectiveCallable.java:12) [junit-4.12.jar:4.12]
	at org.junit.runners.model.FrameworkMethod.invokeExplosively(FrameworkMethod.java:47) [junit-4.12.jar:4.12]
	at org.junit.internal.runners.statements.InvokeMethod.evaluate(InvokeMethod.java:17) [junit-4.12.jar:4.12]
	at org.junit.runners.ParentRunner.runLeaf(ParentRunner.java:325) [junit-4.12.jar:4.12]
	at org.junit.runners.BlockJUnit4ClassRunner.runChild(BlockJUnit4ClassRunner.java:78) [junit-4.12.jar:4.12]
	at org.junit.runners.BlockJUnit4ClassRunner.runChild(BlockJUnit4ClassRunner.java:57) [junit-4.12.jar:4.12]
	at org.junit.runners.ParentRunner$3.run(ParentRunner.java:290) [junit-4.12.jar:4.12]
	at org.junit.runners.ParentRunner$1.schedule(ParentRunner.java:71) [junit-4.12.jar:4.12]
	at org.junit.runners.ParentRunner.runChildren(ParentRunner.java:288) [junit-4.12.jar:4.12]
	at org.junit.runners.ParentRunner.access$000(ParentRunner.java:58) [junit-4.12.jar:4.12]
	at org.junit.runners.ParentRunner$2.evaluate(ParentRunner.java:268) [junit-4.12.jar:4.12]
	at org.junit.runners.ParentRunner.run(ParentRunner.java:363) [junit-4.12.jar:4.12]
	at org.junit.runner.JUnitCore.run(JUnitCore.java:137) [junit-4.12.jar:4.12]
	at com.intellij.junit4.JUnit4IdeaTestRunner.startRunnerWithArgs(JUnit4IdeaTestRunner.java:68) [junit-rt.jar:?]
	at com.intellij.rt.execution.junit.IdeaTestRunner$Repeater.startRunnerWithArgs(IdeaTestRunner.java:47) [junit-rt.jar:?]
	at com.intellij.rt.execution.junit.JUnitStarter.prepareStreamsAndStart(JUnitStarter.java:242) [junit-rt.jar:?]
	at com.intellij.rt.execution.junit.JUnitStarter.main(JUnitStarter.java:70) [junit-rt.jar:?]

2019-03-25 at 11:18:22 CST WARN  org.apache.hadoop.util.NativeCodeLoader 62 <clinit> - Unable to load native-hadoop library for your platform... using builtin-java classes where applicable
2019-03-25 at 11:19:01 CST ERROR org.apache.hadoop.util.Shell 374 getWinUtilsPath - Failed to locate the winutils binary in the hadoop binary path java.io.IOException: Could not locate executable null\bin\winutils.exe in the Hadoop binaries.
	at org.apache.hadoop.util.Shell.getQualifiedBinPath(Shell.java:356) ~[hadoop-common-2.7.1.jar:?]
	at org.apache.hadoop.util.Shell.getWinUtilsPath(Shell.java:371) [hadoop-common-2.7.1.jar:?]
	at org.apache.hadoop.util.Shell.<clinit>(Shell.java:364) [hadoop-common-2.7.1.jar:?]
	at org.apache.hadoop.util.StringUtils.<clinit>(StringUtils.java:80) [hadoop-common-2.7.1.jar:?]
	at org.apache.hadoop.security.SecurityUtil.getAuthenticationMethod(SecurityUtil.java:611) [hadoop-common-2.7.1.jar:?]
	at org.apache.hadoop.security.UserGroupInformation.initialize(UserGroupInformation.java:272) [hadoop-common-2.7.1.jar:?]
	at org.apache.hadoop.security.UserGroupInformation.setConfiguration(UserGroupInformation.java:311) [hadoop-common-2.7.1.jar:?]
	at com.tauriel.demo.es_sql_demo.JdbcTest_Kerberos_Druid.esKerberosDruidDataSource(JdbcTest_Kerberos_Druid.java:83) [classes/:?]
	at com.tauriel.demo.es_sql_demo.JdbcTest_Kerberos_Druid.test(JdbcTest_Kerberos_Druid.java:113) [classes/:?]
	at sun.reflect.NativeMethodAccessorImpl.invoke0(Native Method) ~[?:1.8.0_111]
	at sun.reflect.NativeMethodAccessorImpl.invoke(NativeMethodAccessorImpl.java:62) ~[?:1.8.0_111]
	at sun.reflect.DelegatingMethodAccessorImpl.invoke(DelegatingMethodAccessorImpl.java:43) ~[?:1.8.0_111]
	at java.lang.reflect.Method.invoke(Method.java:498) ~[?:1.8.0_111]
	at org.junit.runners.model.FrameworkMethod$1.runReflectiveCall(FrameworkMethod.java:50) [junit-4.12.jar:4.12]
	at org.junit.internal.runners.model.ReflectiveCallable.run(ReflectiveCallable.java:12) [junit-4.12.jar:4.12]
	at org.junit.runners.model.FrameworkMethod.invokeExplosively(FrameworkMethod.java:47) [junit-4.12.jar:4.12]
	at org.junit.internal.runners.statements.InvokeMethod.evaluate(InvokeMethod.java:17) [junit-4.12.jar:4.12]
	at org.junit.runners.ParentRunner.runLeaf(ParentRunner.java:325) [junit-4.12.jar:4.12]
	at org.junit.runners.BlockJUnit4ClassRunner.runChild(BlockJUnit4ClassRunner.java:78) [junit-4.12.jar:4.12]
	at org.junit.runners.BlockJUnit4ClassRunner.runChild(BlockJUnit4ClassRunner.java:57) [junit-4.12.jar:4.12]
	at org.junit.runners.ParentRunner$3.run(ParentRunner.java:290) [junit-4.12.jar:4.12]
	at org.junit.runners.ParentRunner$1.schedule(ParentRunner.java:71) [junit-4.12.jar:4.12]
	at org.junit.runners.ParentRunner.runChildren(ParentRunner.java:288) [junit-4.12.jar:4.12]
	at org.junit.runners.ParentRunner.access$000(ParentRunner.java:58) [junit-4.12.jar:4.12]
	at org.junit.runners.ParentRunner$2.evaluate(ParentRunner.java:268) [junit-4.12.jar:4.12]
	at org.junit.runners.ParentRunner.run(ParentRunner.java:363) [junit-4.12.jar:4.12]
	at org.junit.runner.JUnitCore.run(JUnitCore.java:137) [junit-4.12.jar:4.12]
	at com.intellij.junit4.JUnit4IdeaTestRunner.startRunnerWithArgs(JUnit4IdeaTestRunner.java:68) [junit-rt.jar:?]
	at com.intellij.rt.execution.junit.IdeaTestRunner$Repeater.startRunnerWithArgs(IdeaTestRunner.java:47) [junit-rt.jar:?]
	at com.intellij.rt.execution.junit.JUnitStarter.prepareStreamsAndStart(JUnitStarter.java:242) [junit-rt.jar:?]
	at com.intellij.rt.execution.junit.JUnitStarter.main(JUnitStarter.java:70) [junit-rt.jar:?]

2019-03-25 at 11:19:01 CST WARN  org.apache.hadoop.util.NativeCodeLoader 62 <clinit> - Unable to load native-hadoop library for your platform... using builtin-java classes where applicable
2019-03-25 at 11:19:23 CST ERROR org.apache.hadoop.util.Shell 374 getWinUtilsPath - Failed to locate the winutils binary in the hadoop binary path java.io.IOException: Could not locate executable null\bin\winutils.exe in the Hadoop binaries.
	at org.apache.hadoop.util.Shell.getQualifiedBinPath(Shell.java:356) ~[hadoop-common-2.7.1.jar:?]
	at org.apache.hadoop.util.Shell.getWinUtilsPath(Shell.java:371) [hadoop-common-2.7.1.jar:?]
	at org.apache.hadoop.util.Shell.<clinit>(Shell.java:364) [hadoop-common-2.7.1.jar:?]
	at org.apache.hadoop.util.StringUtils.<clinit>(StringUtils.java:80) [hadoop-common-2.7.1.jar:?]
	at org.apache.hadoop.security.SecurityUtil.getAuthenticationMethod(SecurityUtil.java:611) [hadoop-common-2.7.1.jar:?]
	at org.apache.hadoop.security.UserGroupInformation.initialize(UserGroupInformation.java:272) [hadoop-common-2.7.1.jar:?]
	at org.apache.hadoop.security.UserGroupInformation.setConfiguration(UserGroupInformation.java:311) [hadoop-common-2.7.1.jar:?]
	at com.tauriel.demo.es_sql_demo.JdbcTest_Kerberos_Druid.esKerberosDruidDataSource(JdbcTest_Kerberos_Druid.java:83) [classes/:?]
	at com.tauriel.demo.es_sql_demo.JdbcTest_Kerberos_Druid.test(JdbcTest_Kerberos_Druid.java:113) [classes/:?]
	at sun.reflect.NativeMethodAccessorImpl.invoke0(Native Method) ~[?:1.8.0_111]
	at sun.reflect.NativeMethodAccessorImpl.invoke(NativeMethodAccessorImpl.java:62) ~[?:1.8.0_111]
	at sun.reflect.DelegatingMethodAccessorImpl.invoke(DelegatingMethodAccessorImpl.java:43) ~[?:1.8.0_111]
	at java.lang.reflect.Method.invoke(Method.java:498) ~[?:1.8.0_111]
	at org.junit.runners.model.FrameworkMethod$1.runReflectiveCall(FrameworkMethod.java:50) [junit-4.12.jar:4.12]
	at org.junit.internal.runners.model.ReflectiveCallable.run(ReflectiveCallable.java:12) [junit-4.12.jar:4.12]
	at org.junit.runners.model.FrameworkMethod.invokeExplosively(FrameworkMethod.java:47) [junit-4.12.jar:4.12]
	at org.junit.internal.runners.statements.InvokeMethod.evaluate(InvokeMethod.java:17) [junit-4.12.jar:4.12]
	at org.junit.runners.ParentRunner.runLeaf(ParentRunner.java:325) [junit-4.12.jar:4.12]
	at org.junit.runners.BlockJUnit4ClassRunner.runChild(BlockJUnit4ClassRunner.java:78) [junit-4.12.jar:4.12]
	at org.junit.runners.BlockJUnit4ClassRunner.runChild(BlockJUnit4ClassRunner.java:57) [junit-4.12.jar:4.12]
	at org.junit.runners.ParentRunner$3.run(ParentRunner.java:290) [junit-4.12.jar:4.12]
	at org.junit.runners.ParentRunner$1.schedule(ParentRunner.java:71) [junit-4.12.jar:4.12]
	at org.junit.runners.ParentRunner.runChildren(ParentRunner.java:288) [junit-4.12.jar:4.12]
	at org.junit.runners.ParentRunner.access$000(ParentRunner.java:58) [junit-4.12.jar:4.12]
	at org.junit.runners.ParentRunner$2.evaluate(ParentRunner.java:268) [junit-4.12.jar:4.12]
	at org.junit.runners.ParentRunner.run(ParentRunner.java:363) [junit-4.12.jar:4.12]
	at org.junit.runner.JUnitCore.run(JUnitCore.java:137) [junit-4.12.jar:4.12]
	at com.intellij.junit4.JUnit4IdeaTestRunner.startRunnerWithArgs(JUnit4IdeaTestRunner.java:68) [junit-rt.jar:?]
	at com.intellij.rt.execution.junit.IdeaTestRunner$Repeater.startRunnerWithArgs(IdeaTestRunner.java:47) [junit-rt.jar:?]
	at com.intellij.rt.execution.junit.JUnitStarter.prepareStreamsAndStart(JUnitStarter.java:242) [junit-rt.jar:?]
	at com.intellij.rt.execution.junit.JUnitStarter.main(JUnitStarter.java:70) [junit-rt.jar:?]

2019-03-25 at 11:19:23 CST WARN  org.apache.hadoop.util.NativeCodeLoader 62 <clinit> - Unable to load native-hadoop library for your platform... using builtin-java classes where applicable
2019-03-25 at 11:19:49 CST ERROR org.apache.hadoop.util.Shell 374 getWinUtilsPath - Failed to locate the winutils binary in the hadoop binary path java.io.IOException: Could not locate executable null\bin\winutils.exe in the Hadoop binaries.
	at org.apache.hadoop.util.Shell.getQualifiedBinPath(Shell.java:356) ~[hadoop-common-2.7.1.jar:?]
	at org.apache.hadoop.util.Shell.getWinUtilsPath(Shell.java:371) [hadoop-common-2.7.1.jar:?]
	at org.apache.hadoop.util.Shell.<clinit>(Shell.java:364) [hadoop-common-2.7.1.jar:?]
	at org.apache.hadoop.util.StringUtils.<clinit>(StringUtils.java:80) [hadoop-common-2.7.1.jar:?]
	at org.apache.hadoop.security.SecurityUtil.getAuthenticationMethod(SecurityUtil.java:611) [hadoop-common-2.7.1.jar:?]
	at org.apache.hadoop.security.UserGroupInformation.initialize(UserGroupInformation.java:272) [hadoop-common-2.7.1.jar:?]
	at org.apache.hadoop.security.UserGroupInformation.setConfiguration(UserGroupInformation.java:311) [hadoop-common-2.7.1.jar:?]
	at com.tauriel.demo.es_sql_demo.JdbcTest_Kerberos_Druid.esKerberosDruidDataSource(JdbcTest_Kerberos_Druid.java:83) [classes/:?]
	at com.tauriel.demo.es_sql_demo.JdbcTest_Kerberos_Druid.test(JdbcTest_Kerberos_Druid.java:113) [classes/:?]
	at sun.reflect.NativeMethodAccessorImpl.invoke0(Native Method) ~[?:1.8.0_111]
	at sun.reflect.NativeMethodAccessorImpl.invoke(NativeMethodAccessorImpl.java:62) ~[?:1.8.0_111]
	at sun.reflect.DelegatingMethodAccessorImpl.invoke(DelegatingMethodAccessorImpl.java:43) ~[?:1.8.0_111]
	at java.lang.reflect.Method.invoke(Method.java:498) ~[?:1.8.0_111]
	at org.junit.runners.model.FrameworkMethod$1.runReflectiveCall(FrameworkMethod.java:50) [junit-4.12.jar:4.12]
	at org.junit.internal.runners.model.ReflectiveCallable.run(ReflectiveCallable.java:12) [junit-4.12.jar:4.12]
	at org.junit.runners.model.FrameworkMethod.invokeExplosively(FrameworkMethod.java:47) [junit-4.12.jar:4.12]
	at org.junit.internal.runners.statements.InvokeMethod.evaluate(InvokeMethod.java:17) [junit-4.12.jar:4.12]
	at org.junit.runners.ParentRunner.runLeaf(ParentRunner.java:325) [junit-4.12.jar:4.12]
	at org.junit.runners.BlockJUnit4ClassRunner.runChild(BlockJUnit4ClassRunner.java:78) [junit-4.12.jar:4.12]
	at org.junit.runners.BlockJUnit4ClassRunner.runChild(BlockJUnit4ClassRunner.java:57) [junit-4.12.jar:4.12]
	at org.junit.runners.ParentRunner$3.run(ParentRunner.java:290) [junit-4.12.jar:4.12]
	at org.junit.runners.ParentRunner$1.schedule(ParentRunner.java:71) [junit-4.12.jar:4.12]
	at org.junit.runners.ParentRunner.runChildren(ParentRunner.java:288) [junit-4.12.jar:4.12]
	at org.junit.runners.ParentRunner.access$000(ParentRunner.java:58) [junit-4.12.jar:4.12]
	at org.junit.runners.ParentRunner$2.evaluate(ParentRunner.java:268) [junit-4.12.jar:4.12]
	at org.junit.runners.ParentRunner.run(ParentRunner.java:363) [junit-4.12.jar:4.12]
	at org.junit.runner.JUnitCore.run(JUnitCore.java:137) [junit-4.12.jar:4.12]
	at com.intellij.junit4.JUnit4IdeaTestRunner.startRunnerWithArgs(JUnit4IdeaTestRunner.java:68) [junit-rt.jar:?]
	at com.intellij.rt.execution.junit.IdeaTestRunner$Repeater.startRunnerWithArgs(IdeaTestRunner.java:47) [junit-rt.jar:?]
	at com.intellij.rt.execution.junit.JUnitStarter.prepareStreamsAndStart(JUnitStarter.java:242) [junit-rt.jar:?]
	at com.intellij.rt.execution.junit.JUnitStarter.main(JUnitStarter.java:70) [junit-rt.jar:?]

2019-03-25 at 11:19:49 CST WARN  org.apache.hadoop.util.NativeCodeLoader 62 <clinit> - Unable to load native-hadoop library for your platform... using builtin-java classes where applicable
2019-03-25 at 11:21:29 CST ERROR org.apache.hadoop.util.Shell 374 getWinUtilsPath - Failed to locate the winutils binary in the hadoop binary path java.io.IOException: Could not locate executable null\bin\winutils.exe in the Hadoop binaries.
	at org.apache.hadoop.util.Shell.getQualifiedBinPath(Shell.java:356) ~[hadoop-common-2.7.1.jar:?]
	at org.apache.hadoop.util.Shell.getWinUtilsPath(Shell.java:371) [hadoop-common-2.7.1.jar:?]
	at org.apache.hadoop.util.Shell.<clinit>(Shell.java:364) [hadoop-common-2.7.1.jar:?]
	at org.apache.hadoop.util.StringUtils.<clinit>(StringUtils.java:80) [hadoop-common-2.7.1.jar:?]
	at org.apache.hadoop.security.SecurityUtil.getAuthenticationMethod(SecurityUtil.java:611) [hadoop-common-2.7.1.jar:?]
	at org.apache.hadoop.security.UserGroupInformation.initialize(UserGroupInformation.java:272) [hadoop-common-2.7.1.jar:?]
	at org.apache.hadoop.security.UserGroupInformation.setConfiguration(UserGroupInformation.java:311) [hadoop-common-2.7.1.jar:?]
	at com.tauriel.demo.es_sql_demo.JdbcTest_Kerberos_Druid.esKerberosDruidDataSource(JdbcTest_Kerberos_Druid.java:83) [classes/:?]
	at com.tauriel.demo.es_sql_demo.JdbcTest_Kerberos_Druid.test(JdbcTest_Kerberos_Druid.java:113) [classes/:?]
	at sun.reflect.NativeMethodAccessorImpl.invoke0(Native Method) ~[?:1.8.0_111]
	at sun.reflect.NativeMethodAccessorImpl.invoke(NativeMethodAccessorImpl.java:62) ~[?:1.8.0_111]
	at sun.reflect.DelegatingMethodAccessorImpl.invoke(DelegatingMethodAccessorImpl.java:43) ~[?:1.8.0_111]
	at java.lang.reflect.Method.invoke(Method.java:498) ~[?:1.8.0_111]
	at org.junit.runners.model.FrameworkMethod$1.runReflectiveCall(FrameworkMethod.java:50) [junit-4.12.jar:4.12]
	at org.junit.internal.runners.model.ReflectiveCallable.run(ReflectiveCallable.java:12) [junit-4.12.jar:4.12]
	at org.junit.runners.model.FrameworkMethod.invokeExplosively(FrameworkMethod.java:47) [junit-4.12.jar:4.12]
	at org.junit.internal.runners.statements.InvokeMethod.evaluate(InvokeMethod.java:17) [junit-4.12.jar:4.12]
	at org.junit.runners.ParentRunner.runLeaf(ParentRunner.java:325) [junit-4.12.jar:4.12]
	at org.junit.runners.BlockJUnit4ClassRunner.runChild(BlockJUnit4ClassRunner.java:78) [junit-4.12.jar:4.12]
	at org.junit.runners.BlockJUnit4ClassRunner.runChild(BlockJUnit4ClassRunner.java:57) [junit-4.12.jar:4.12]
	at org.junit.runners.ParentRunner$3.run(ParentRunner.java:290) [junit-4.12.jar:4.12]
	at org.junit.runners.ParentRunner$1.schedule(ParentRunner.java:71) [junit-4.12.jar:4.12]
	at org.junit.runners.ParentRunner.runChildren(ParentRunner.java:288) [junit-4.12.jar:4.12]
	at org.junit.runners.ParentRunner.access$000(ParentRunner.java:58) [junit-4.12.jar:4.12]
	at org.junit.runners.ParentRunner$2.evaluate(ParentRunner.java:268) [junit-4.12.jar:4.12]
	at org.junit.runners.ParentRunner.run(ParentRunner.java:363) [junit-4.12.jar:4.12]
	at org.junit.runner.JUnitCore.run(JUnitCore.java:137) [junit-4.12.jar:4.12]
	at com.intellij.junit4.JUnit4IdeaTestRunner.startRunnerWithArgs(JUnit4IdeaTestRunner.java:68) [junit-rt.jar:?]
	at com.intellij.rt.execution.junit.IdeaTestRunner$Repeater.startRunnerWithArgs(IdeaTestRunner.java:47) [junit-rt.jar:?]
	at com.intellij.rt.execution.junit.JUnitStarter.prepareStreamsAndStart(JUnitStarter.java:242) [junit-rt.jar:?]
	at com.intellij.rt.execution.junit.JUnitStarter.main(JUnitStarter.java:70) [junit-rt.jar:?]

2019-03-25 at 11:21:30 CST WARN  org.apache.hadoop.util.NativeCodeLoader 62 <clinit> - Unable to load native-hadoop library for your platform... using builtin-java classes where applicable
2019-03-25 at 11:21:56 CST ERROR org.apache.hadoop.util.Shell 374 getWinUtilsPath - Failed to locate the winutils binary in the hadoop binary path java.io.IOException: Could not locate executable null\bin\winutils.exe in the Hadoop binaries.
	at org.apache.hadoop.util.Shell.getQualifiedBinPath(Shell.java:356) ~[hadoop-common-2.7.1.jar:?]
	at org.apache.hadoop.util.Shell.getWinUtilsPath(Shell.java:371) [hadoop-common-2.7.1.jar:?]
	at org.apache.hadoop.util.Shell.<clinit>(Shell.java:364) [hadoop-common-2.7.1.jar:?]
	at org.apache.hadoop.util.StringUtils.<clinit>(StringUtils.java:80) [hadoop-common-2.7.1.jar:?]
	at org.apache.hadoop.security.SecurityUtil.getAuthenticationMethod(SecurityUtil.java:611) [hadoop-common-2.7.1.jar:?]
	at org.apache.hadoop.security.UserGroupInformation.initialize(UserGroupInformation.java:272) [hadoop-common-2.7.1.jar:?]
	at org.apache.hadoop.security.UserGroupInformation.setConfiguration(UserGroupInformation.java:311) [hadoop-common-2.7.1.jar:?]
	at com.tauriel.demo.es_sql_demo.JdbcTest_Kerberos_Druid.esKerberosDruidDataSource(JdbcTest_Kerberos_Druid.java:83) [classes/:?]
	at com.tauriel.demo.es_sql_demo.JdbcTest_Kerberos_Druid.test(JdbcTest_Kerberos_Druid.java:113) [classes/:?]
	at sun.reflect.NativeMethodAccessorImpl.invoke0(Native Method) ~[?:1.8.0_111]
	at sun.reflect.NativeMethodAccessorImpl.invoke(NativeMethodAccessorImpl.java:62) ~[?:1.8.0_111]
	at sun.reflect.DelegatingMethodAccessorImpl.invoke(DelegatingMethodAccessorImpl.java:43) ~[?:1.8.0_111]
	at java.lang.reflect.Method.invoke(Method.java:498) ~[?:1.8.0_111]
	at org.junit.runners.model.FrameworkMethod$1.runReflectiveCall(FrameworkMethod.java:50) [junit-4.12.jar:4.12]
	at org.junit.internal.runners.model.ReflectiveCallable.run(ReflectiveCallable.java:12) [junit-4.12.jar:4.12]
	at org.junit.runners.model.FrameworkMethod.invokeExplosively(FrameworkMethod.java:47) [junit-4.12.jar:4.12]
	at org.junit.internal.runners.statements.InvokeMethod.evaluate(InvokeMethod.java:17) [junit-4.12.jar:4.12]
	at org.junit.runners.ParentRunner.runLeaf(ParentRunner.java:325) [junit-4.12.jar:4.12]
	at org.junit.runners.BlockJUnit4ClassRunner.runChild(BlockJUnit4ClassRunner.java:78) [junit-4.12.jar:4.12]
	at org.junit.runners.BlockJUnit4ClassRunner.runChild(BlockJUnit4ClassRunner.java:57) [junit-4.12.jar:4.12]
	at org.junit.runners.ParentRunner$3.run(ParentRunner.java:290) [junit-4.12.jar:4.12]
	at org.junit.runners.ParentRunner$1.schedule(ParentRunner.java:71) [junit-4.12.jar:4.12]
	at org.junit.runners.ParentRunner.runChildren(ParentRunner.java:288) [junit-4.12.jar:4.12]
	at org.junit.runners.ParentRunner.access$000(ParentRunner.java:58) [junit-4.12.jar:4.12]
	at org.junit.runners.ParentRunner$2.evaluate(ParentRunner.java:268) [junit-4.12.jar:4.12]
	at org.junit.runners.ParentRunner.run(ParentRunner.java:363) [junit-4.12.jar:4.12]
	at org.junit.runner.JUnitCore.run(JUnitCore.java:137) [junit-4.12.jar:4.12]
	at com.intellij.junit4.JUnit4IdeaTestRunner.startRunnerWithArgs(JUnit4IdeaTestRunner.java:68) [junit-rt.jar:?]
	at com.intellij.rt.execution.junit.IdeaTestRunner$Repeater.startRunnerWithArgs(IdeaTestRunner.java:47) [junit-rt.jar:?]
	at com.intellij.rt.execution.junit.JUnitStarter.prepareStreamsAndStart(JUnitStarter.java:242) [junit-rt.jar:?]
	at com.intellij.rt.execution.junit.JUnitStarter.main(JUnitStarter.java:70) [junit-rt.jar:?]

2019-03-25 at 11:21:56 CST WARN  org.apache.hadoop.util.NativeCodeLoader 62 <clinit> - Unable to load native-hadoop library for your platform... using builtin-java classes where applicable
2019-03-25 at 11:32:20 CST ERROR org.apache.hadoop.util.Shell 374 getWinUtilsPath - Failed to locate the winutils binary in the hadoop binary path java.io.IOException: Could not locate executable null\bin\winutils.exe in the Hadoop binaries.
	at org.apache.hadoop.util.Shell.getQualifiedBinPath(Shell.java:356) ~[hadoop-common-2.7.1.jar:?]
	at org.apache.hadoop.util.Shell.getWinUtilsPath(Shell.java:371) [hadoop-common-2.7.1.jar:?]
	at org.apache.hadoop.util.Shell.<clinit>(Shell.java:364) [hadoop-common-2.7.1.jar:?]
	at org.apache.hadoop.util.StringUtils.<clinit>(StringUtils.java:80) [hadoop-common-2.7.1.jar:?]
	at org.apache.hadoop.security.SecurityUtil.getAuthenticationMethod(SecurityUtil.java:611) [hadoop-common-2.7.1.jar:?]
	at org.apache.hadoop.security.UserGroupInformation.initialize(UserGroupInformation.java:272) [hadoop-common-2.7.1.jar:?]
	at org.apache.hadoop.security.UserGroupInformation.setConfiguration(UserGroupInformation.java:311) [hadoop-common-2.7.1.jar:?]
	at com.tauriel.demo.es_sql_demo.JdbcTest_Kerberos_Druid.esKerberosDruidDataSource(JdbcTest_Kerberos_Druid.java:83) [classes/:?]
	at com.tauriel.demo.es_sql_demo.JdbcTest_Kerberos_Druid.test(JdbcTest_Kerberos_Druid.java:113) [classes/:?]
	at sun.reflect.NativeMethodAccessorImpl.invoke0(Native Method) ~[?:1.8.0_111]
	at sun.reflect.NativeMethodAccessorImpl.invoke(NativeMethodAccessorImpl.java:62) ~[?:1.8.0_111]
	at sun.reflect.DelegatingMethodAccessorImpl.invoke(DelegatingMethodAccessorImpl.java:43) ~[?:1.8.0_111]
	at java.lang.reflect.Method.invoke(Method.java:498) ~[?:1.8.0_111]
	at org.junit.runners.model.FrameworkMethod$1.runReflectiveCall(FrameworkMethod.java:50) [junit-4.12.jar:4.12]
	at org.junit.internal.runners.model.ReflectiveCallable.run(ReflectiveCallable.java:12) [junit-4.12.jar:4.12]
	at org.junit.runners.model.FrameworkMethod.invokeExplosively(FrameworkMethod.java:47) [junit-4.12.jar:4.12]
	at org.junit.internal.runners.statements.InvokeMethod.evaluate(InvokeMethod.java:17) [junit-4.12.jar:4.12]
	at org.junit.runners.ParentRunner.runLeaf(ParentRunner.java:325) [junit-4.12.jar:4.12]
	at org.junit.runners.BlockJUnit4ClassRunner.runChild(BlockJUnit4ClassRunner.java:78) [junit-4.12.jar:4.12]
	at org.junit.runners.BlockJUnit4ClassRunner.runChild(BlockJUnit4ClassRunner.java:57) [junit-4.12.jar:4.12]
	at org.junit.runners.ParentRunner$3.run(ParentRunner.java:290) [junit-4.12.jar:4.12]
	at org.junit.runners.ParentRunner$1.schedule(ParentRunner.java:71) [junit-4.12.jar:4.12]
	at org.junit.runners.ParentRunner.runChildren(ParentRunner.java:288) [junit-4.12.jar:4.12]
	at org.junit.runners.ParentRunner.access$000(ParentRunner.java:58) [junit-4.12.jar:4.12]
	at org.junit.runners.ParentRunner$2.evaluate(ParentRunner.java:268) [junit-4.12.jar:4.12]
	at org.junit.runners.ParentRunner.run(ParentRunner.java:363) [junit-4.12.jar:4.12]
	at org.junit.runner.JUnitCore.run(JUnitCore.java:137) [junit-4.12.jar:4.12]
	at com.intellij.junit4.JUnit4IdeaTestRunner.startRunnerWithArgs(JUnit4IdeaTestRunner.java:68) [junit-rt.jar:?]
	at com.intellij.rt.execution.junit.IdeaTestRunner$Repeater.startRunnerWithArgs(IdeaTestRunner.java:47) [junit-rt.jar:?]
	at com.intellij.rt.execution.junit.JUnitStarter.prepareStreamsAndStart(JUnitStarter.java:242) [junit-rt.jar:?]
	at com.intellij.rt.execution.junit.JUnitStarter.main(JUnitStarter.java:70) [junit-rt.jar:?]

2019-03-25 at 11:32:20 CST WARN  org.apache.hadoop.util.NativeCodeLoader 62 <clinit> - Unable to load native-hadoop library for your platform... using builtin-java classes where applicable
2019-03-25 at 13:37:23 CST ERROR org.apache.hadoop.util.Shell 374 getWinUtilsPath - Failed to locate the winutils binary in the hadoop binary path java.io.IOException: Could not locate executable null\bin\winutils.exe in the Hadoop binaries.
	at org.apache.hadoop.util.Shell.getQualifiedBinPath(Shell.java:356) ~[hadoop-common-2.7.1.jar:?]
	at org.apache.hadoop.util.Shell.getWinUtilsPath(Shell.java:371) [hadoop-common-2.7.1.jar:?]
	at org.apache.hadoop.util.Shell.<clinit>(Shell.java:364) [hadoop-common-2.7.1.jar:?]
	at org.apache.hadoop.util.StringUtils.<clinit>(StringUtils.java:80) [hadoop-common-2.7.1.jar:?]
	at org.apache.hadoop.security.SecurityUtil.getAuthenticationMethod(SecurityUtil.java:611) [hadoop-common-2.7.1.jar:?]
	at org.apache.hadoop.security.UserGroupInformation.initialize(UserGroupInformation.java:272) [hadoop-common-2.7.1.jar:?]
	at org.apache.hadoop.security.UserGroupInformation.setConfiguration(UserGroupInformation.java:311) [hadoop-common-2.7.1.jar:?]
	at com.tauriel.demo.es_sql_demo.JdbcTest_Kerberos_HikariCP.esKerberosDruidDataSource(JdbcTest_Kerberos_HikariCP.java:49) [classes/:?]
	at com.tauriel.demo.es_sql_demo.JdbcTest_Kerberos_HikariCP.test(JdbcTest_Kerberos_HikariCP.java:79) [classes/:?]
	at sun.reflect.NativeMethodAccessorImpl.invoke0(Native Method) ~[?:1.8.0_111]
	at sun.reflect.NativeMethodAccessorImpl.invoke(NativeMethodAccessorImpl.java:62) ~[?:1.8.0_111]
	at sun.reflect.DelegatingMethodAccessorImpl.invoke(DelegatingMethodAccessorImpl.java:43) ~[?:1.8.0_111]
	at java.lang.reflect.Method.invoke(Method.java:498) ~[?:1.8.0_111]
	at org.junit.runners.model.FrameworkMethod$1.runReflectiveCall(FrameworkMethod.java:50) [junit-4.12.jar:4.12]
	at org.junit.internal.runners.model.ReflectiveCallable.run(ReflectiveCallable.java:12) [junit-4.12.jar:4.12]
	at org.junit.runners.model.FrameworkMethod.invokeExplosively(FrameworkMethod.java:47) [junit-4.12.jar:4.12]
	at org.junit.internal.runners.statements.InvokeMethod.evaluate(InvokeMethod.java:17) [junit-4.12.jar:4.12]
	at org.junit.runners.ParentRunner.runLeaf(ParentRunner.java:325) [junit-4.12.jar:4.12]
	at org.junit.runners.BlockJUnit4ClassRunner.runChild(BlockJUnit4ClassRunner.java:78) [junit-4.12.jar:4.12]
	at org.junit.runners.BlockJUnit4ClassRunner.runChild(BlockJUnit4ClassRunner.java:57) [junit-4.12.jar:4.12]
	at org.junit.runners.ParentRunner$3.run(ParentRunner.java:290) [junit-4.12.jar:4.12]
	at org.junit.runners.ParentRunner$1.schedule(ParentRunner.java:71) [junit-4.12.jar:4.12]
	at org.junit.runners.ParentRunner.runChildren(ParentRunner.java:288) [junit-4.12.jar:4.12]
	at org.junit.runners.ParentRunner.access$000(ParentRunner.java:58) [junit-4.12.jar:4.12]
	at org.junit.runners.ParentRunner$2.evaluate(ParentRunner.java:268) [junit-4.12.jar:4.12]
	at org.junit.runners.ParentRunner.run(ParentRunner.java:363) [junit-4.12.jar:4.12]
	at org.junit.runner.JUnitCore.run(JUnitCore.java:137) [junit-4.12.jar:4.12]
	at com.intellij.junit4.JUnit4IdeaTestRunner.startRunnerWithArgs(JUnit4IdeaTestRunner.java:68) [junit-rt.jar:?]
	at com.intellij.rt.execution.junit.IdeaTestRunner$Repeater.startRunnerWithArgs(IdeaTestRunner.java:47) [junit-rt.jar:?]
	at com.intellij.rt.execution.junit.JUnitStarter.prepareStreamsAndStart(JUnitStarter.java:242) [junit-rt.jar:?]
	at com.intellij.rt.execution.junit.JUnitStarter.main(JUnitStarter.java:70) [junit-rt.jar:?]

2019-03-25 at 13:37:23 CST WARN  org.apache.hadoop.util.NativeCodeLoader 62 <clinit> - Unable to load native-hadoop library for your platform... using builtin-java classes where applicable
2019-03-25 at 13:39:13 CST ERROR org.apache.hadoop.util.Shell 374 getWinUtilsPath - Failed to locate the winutils binary in the hadoop binary path java.io.IOException: Could not locate executable null\bin\winutils.exe in the Hadoop binaries.
	at org.apache.hadoop.util.Shell.getQualifiedBinPath(Shell.java:356) ~[hadoop-common-2.7.1.jar:?]
	at org.apache.hadoop.util.Shell.getWinUtilsPath(Shell.java:371) [hadoop-common-2.7.1.jar:?]
	at org.apache.hadoop.util.Shell.<clinit>(Shell.java:364) [hadoop-common-2.7.1.jar:?]
	at org.apache.hadoop.util.StringUtils.<clinit>(StringUtils.java:80) [hadoop-common-2.7.1.jar:?]
	at org.apache.hadoop.security.SecurityUtil.getAuthenticationMethod(SecurityUtil.java:611) [hadoop-common-2.7.1.jar:?]
	at org.apache.hadoop.security.UserGroupInformation.initialize(UserGroupInformation.java:272) [hadoop-common-2.7.1.jar:?]
	at org.apache.hadoop.security.UserGroupInformation.setConfiguration(UserGroupInformation.java:311) [hadoop-common-2.7.1.jar:?]
	at com.tauriel.demo.es_sql_demo.JdbcTest_Kerberos_HikariCP.esKerberosDruidDataSource(JdbcTest_Kerberos_HikariCP.java:49) [classes/:?]
	at com.tauriel.demo.es_sql_demo.JdbcTest_Kerberos_HikariCP.test(JdbcTest_Kerberos_HikariCP.java:72) [classes/:?]
	at sun.reflect.NativeMethodAccessorImpl.invoke0(Native Method) ~[?:1.8.0_111]
	at sun.reflect.NativeMethodAccessorImpl.invoke(NativeMethodAccessorImpl.java:62) ~[?:1.8.0_111]
	at sun.reflect.DelegatingMethodAccessorImpl.invoke(DelegatingMethodAccessorImpl.java:43) ~[?:1.8.0_111]
	at java.lang.reflect.Method.invoke(Method.java:498) ~[?:1.8.0_111]
	at org.junit.runners.model.FrameworkMethod$1.runReflectiveCall(FrameworkMethod.java:50) [junit-4.12.jar:4.12]
	at org.junit.internal.runners.model.ReflectiveCallable.run(ReflectiveCallable.java:12) [junit-4.12.jar:4.12]
	at org.junit.runners.model.FrameworkMethod.invokeExplosively(FrameworkMethod.java:47) [junit-4.12.jar:4.12]
	at org.junit.internal.runners.statements.InvokeMethod.evaluate(InvokeMethod.java:17) [junit-4.12.jar:4.12]
	at org.junit.runners.ParentRunner.runLeaf(ParentRunner.java:325) [junit-4.12.jar:4.12]
	at org.junit.runners.BlockJUnit4ClassRunner.runChild(BlockJUnit4ClassRunner.java:78) [junit-4.12.jar:4.12]
	at org.junit.runners.BlockJUnit4ClassRunner.runChild(BlockJUnit4ClassRunner.java:57) [junit-4.12.jar:4.12]
	at org.junit.runners.ParentRunner$3.run(ParentRunner.java:290) [junit-4.12.jar:4.12]
	at org.junit.runners.ParentRunner$1.schedule(ParentRunner.java:71) [junit-4.12.jar:4.12]
	at org.junit.runners.ParentRunner.runChildren(ParentRunner.java:288) [junit-4.12.jar:4.12]
	at org.junit.runners.ParentRunner.access$000(ParentRunner.java:58) [junit-4.12.jar:4.12]
	at org.junit.runners.ParentRunner$2.evaluate(ParentRunner.java:268) [junit-4.12.jar:4.12]
	at org.junit.runners.ParentRunner.run(ParentRunner.java:363) [junit-4.12.jar:4.12]
	at org.junit.runner.JUnitCore.run(JUnitCore.java:137) [junit-4.12.jar:4.12]
	at com.intellij.junit4.JUnit4IdeaTestRunner.startRunnerWithArgs(JUnit4IdeaTestRunner.java:68) [junit-rt.jar:?]
	at com.intellij.rt.execution.junit.IdeaTestRunner$Repeater.startRunnerWithArgs(IdeaTestRunner.java:47) [junit-rt.jar:?]
	at com.intellij.rt.execution.junit.JUnitStarter.prepareStreamsAndStart(JUnitStarter.java:242) [junit-rt.jar:?]
	at com.intellij.rt.execution.junit.JUnitStarter.main(JUnitStarter.java:70) [junit-rt.jar:?]

2019-03-25 at 13:39:13 CST WARN  org.apache.hadoop.util.NativeCodeLoader 62 <clinit> - Unable to load native-hadoop library for your platform... using builtin-java classes where applicable
2019-03-25 at 13:39:51 CST ERROR org.apache.hadoop.util.Shell 374 getWinUtilsPath - Failed to locate the winutils binary in the hadoop binary path java.io.IOException: Could not locate executable null\bin\winutils.exe in the Hadoop binaries.
	at org.apache.hadoop.util.Shell.getQualifiedBinPath(Shell.java:356) ~[hadoop-common-2.7.1.jar:?]
	at org.apache.hadoop.util.Shell.getWinUtilsPath(Shell.java:371) [hadoop-common-2.7.1.jar:?]
	at org.apache.hadoop.util.Shell.<clinit>(Shell.java:364) [hadoop-common-2.7.1.jar:?]
	at org.apache.hadoop.util.StringUtils.<clinit>(StringUtils.java:80) [hadoop-common-2.7.1.jar:?]
	at org.apache.hadoop.security.SecurityUtil.getAuthenticationMethod(SecurityUtil.java:611) [hadoop-common-2.7.1.jar:?]
	at org.apache.hadoop.security.UserGroupInformation.initialize(UserGroupInformation.java:272) [hadoop-common-2.7.1.jar:?]
	at org.apache.hadoop.security.UserGroupInformation.setConfiguration(UserGroupInformation.java:311) [hadoop-common-2.7.1.jar:?]
	at com.tauriel.demo.es_sql_demo.JdbcTest_Kerberos_HikariCP.esKerberosDruidDataSource(JdbcTest_Kerberos_HikariCP.java:49) [classes/:?]
	at com.tauriel.demo.es_sql_demo.JdbcTest_Kerberos_HikariCP.test(JdbcTest_Kerberos_HikariCP.java:72) [classes/:?]
	at sun.reflect.NativeMethodAccessorImpl.invoke0(Native Method) ~[?:1.8.0_111]
	at sun.reflect.NativeMethodAccessorImpl.invoke(NativeMethodAccessorImpl.java:62) ~[?:1.8.0_111]
	at sun.reflect.DelegatingMethodAccessorImpl.invoke(DelegatingMethodAccessorImpl.java:43) ~[?:1.8.0_111]
	at java.lang.reflect.Method.invoke(Method.java:498) ~[?:1.8.0_111]
	at org.junit.runners.model.FrameworkMethod$1.runReflectiveCall(FrameworkMethod.java:50) [junit-4.12.jar:4.12]
	at org.junit.internal.runners.model.ReflectiveCallable.run(ReflectiveCallable.java:12) [junit-4.12.jar:4.12]
	at org.junit.runners.model.FrameworkMethod.invokeExplosively(FrameworkMethod.java:47) [junit-4.12.jar:4.12]
	at org.junit.internal.runners.statements.InvokeMethod.evaluate(InvokeMethod.java:17) [junit-4.12.jar:4.12]
	at org.junit.runners.ParentRunner.runLeaf(ParentRunner.java:325) [junit-4.12.jar:4.12]
	at org.junit.runners.BlockJUnit4ClassRunner.runChild(BlockJUnit4ClassRunner.java:78) [junit-4.12.jar:4.12]
	at org.junit.runners.BlockJUnit4ClassRunner.runChild(BlockJUnit4ClassRunner.java:57) [junit-4.12.jar:4.12]
	at org.junit.runners.ParentRunner$3.run(ParentRunner.java:290) [junit-4.12.jar:4.12]
	at org.junit.runners.ParentRunner$1.schedule(ParentRunner.java:71) [junit-4.12.jar:4.12]
	at org.junit.runners.ParentRunner.runChildren(ParentRunner.java:288) [junit-4.12.jar:4.12]
	at org.junit.runners.ParentRunner.access$000(ParentRunner.java:58) [junit-4.12.jar:4.12]
	at org.junit.runners.ParentRunner$2.evaluate(ParentRunner.java:268) [junit-4.12.jar:4.12]
	at org.junit.runners.ParentRunner.run(ParentRunner.java:363) [junit-4.12.jar:4.12]
	at org.junit.runner.JUnitCore.run(JUnitCore.java:137) [junit-4.12.jar:4.12]
	at com.intellij.junit4.JUnit4IdeaTestRunner.startRunnerWithArgs(JUnit4IdeaTestRunner.java:68) [junit-rt.jar:?]
	at com.intellij.rt.execution.junit.IdeaTestRunner$Repeater.startRunnerWithArgs(IdeaTestRunner.java:47) [junit-rt.jar:?]
	at com.intellij.rt.execution.junit.JUnitStarter.prepareStreamsAndStart(JUnitStarter.java:242) [junit-rt.jar:?]
	at com.intellij.rt.execution.junit.JUnitStarter.main(JUnitStarter.java:70) [junit-rt.jar:?]

2019-03-25 at 13:39:51 CST WARN  org.apache.hadoop.util.NativeCodeLoader 62 <clinit> - Unable to load native-hadoop library for your platform... using builtin-java classes where applicable
2019-03-25 at 13:43:30 CST ERROR org.apache.hadoop.util.Shell 374 getWinUtilsPath - Failed to locate the winutils binary in the hadoop binary path java.io.IOException: Could not locate executable null\bin\winutils.exe in the Hadoop binaries.
	at org.apache.hadoop.util.Shell.getQualifiedBinPath(Shell.java:356) ~[hadoop-common-2.7.1.jar:?]
	at org.apache.hadoop.util.Shell.getWinUtilsPath(Shell.java:371) [hadoop-common-2.7.1.jar:?]
	at org.apache.hadoop.util.Shell.<clinit>(Shell.java:364) [hadoop-common-2.7.1.jar:?]
	at org.apache.hadoop.util.StringUtils.<clinit>(StringUtils.java:80) [hadoop-common-2.7.1.jar:?]
	at org.apache.hadoop.security.SecurityUtil.getAuthenticationMethod(SecurityUtil.java:611) [hadoop-common-2.7.1.jar:?]
	at org.apache.hadoop.security.UserGroupInformation.initialize(UserGroupInformation.java:272) [hadoop-common-2.7.1.jar:?]
	at org.apache.hadoop.security.UserGroupInformation.setConfiguration(UserGroupInformation.java:311) [hadoop-common-2.7.1.jar:?]
	at com.tauriel.demo.es_sql_demo.JdbcTest_Kerberos_HikariCP.esKerberosDruidDataSource(JdbcTest_Kerberos_HikariCP.java:50) [classes/:?]
	at com.tauriel.demo.es_sql_demo.JdbcTest_Kerberos_HikariCP.test(JdbcTest_Kerberos_HikariCP.java:73) [classes/:?]
	at sun.reflect.NativeMethodAccessorImpl.invoke0(Native Method) ~[?:1.8.0_111]
	at sun.reflect.NativeMethodAccessorImpl.invoke(NativeMethodAccessorImpl.java:62) ~[?:1.8.0_111]
	at sun.reflect.DelegatingMethodAccessorImpl.invoke(DelegatingMethodAccessorImpl.java:43) ~[?:1.8.0_111]
	at java.lang.reflect.Method.invoke(Method.java:498) ~[?:1.8.0_111]
	at org.junit.runners.model.FrameworkMethod$1.runReflectiveCall(FrameworkMethod.java:50) [junit-4.12.jar:4.12]
	at org.junit.internal.runners.model.ReflectiveCallable.run(ReflectiveCallable.java:12) [junit-4.12.jar:4.12]
	at org.junit.runners.model.FrameworkMethod.invokeExplosively(FrameworkMethod.java:47) [junit-4.12.jar:4.12]
	at org.junit.internal.runners.statements.InvokeMethod.evaluate(InvokeMethod.java:17) [junit-4.12.jar:4.12]
	at org.junit.runners.ParentRunner.runLeaf(ParentRunner.java:325) [junit-4.12.jar:4.12]
	at org.junit.runners.BlockJUnit4ClassRunner.runChild(BlockJUnit4ClassRunner.java:78) [junit-4.12.jar:4.12]
	at org.junit.runners.BlockJUnit4ClassRunner.runChild(BlockJUnit4ClassRunner.java:57) [junit-4.12.jar:4.12]
	at org.junit.runners.ParentRunner$3.run(ParentRunner.java:290) [junit-4.12.jar:4.12]
	at org.junit.runners.ParentRunner$1.schedule(ParentRunner.java:71) [junit-4.12.jar:4.12]
	at org.junit.runners.ParentRunner.runChildren(ParentRunner.java:288) [junit-4.12.jar:4.12]
	at org.junit.runners.ParentRunner.access$000(ParentRunner.java:58) [junit-4.12.jar:4.12]
	at org.junit.runners.ParentRunner$2.evaluate(ParentRunner.java:268) [junit-4.12.jar:4.12]
	at org.junit.runners.ParentRunner.run(ParentRunner.java:363) [junit-4.12.jar:4.12]
	at org.junit.runner.JUnitCore.run(JUnitCore.java:137) [junit-4.12.jar:4.12]
	at com.intellij.junit4.JUnit4IdeaTestRunner.startRunnerWithArgs(JUnit4IdeaTestRunner.java:68) [junit-rt.jar:?]
	at com.intellij.rt.execution.junit.IdeaTestRunner$Repeater.startRunnerWithArgs(IdeaTestRunner.java:47) [junit-rt.jar:?]
	at com.intellij.rt.execution.junit.JUnitStarter.prepareStreamsAndStart(JUnitStarter.java:242) [junit-rt.jar:?]
	at com.intellij.rt.execution.junit.JUnitStarter.main(JUnitStarter.java:70) [junit-rt.jar:?]

2019-03-25 at 13:43:30 CST WARN  org.apache.hadoop.util.NativeCodeLoader 62 <clinit> - Unable to load native-hadoop library for your platform... using builtin-java classes where applicable
2019-03-25 at 13:44:03 CST ERROR org.apache.hadoop.util.Shell 374 getWinUtilsPath - Failed to locate the winutils binary in the hadoop binary path java.io.IOException: Could not locate executable null\bin\winutils.exe in the Hadoop binaries.
	at org.apache.hadoop.util.Shell.getQualifiedBinPath(Shell.java:356) ~[hadoop-common-2.7.1.jar:?]
	at org.apache.hadoop.util.Shell.getWinUtilsPath(Shell.java:371) [hadoop-common-2.7.1.jar:?]
	at org.apache.hadoop.util.Shell.<clinit>(Shell.java:364) [hadoop-common-2.7.1.jar:?]
	at org.apache.hadoop.util.StringUtils.<clinit>(StringUtils.java:80) [hadoop-common-2.7.1.jar:?]
	at org.apache.hadoop.security.SecurityUtil.getAuthenticationMethod(SecurityUtil.java:611) [hadoop-common-2.7.1.jar:?]
	at org.apache.hadoop.security.UserGroupInformation.initialize(UserGroupInformation.java:272) [hadoop-common-2.7.1.jar:?]
	at org.apache.hadoop.security.UserGroupInformation.setConfiguration(UserGroupInformation.java:311) [hadoop-common-2.7.1.jar:?]
	at com.tauriel.demo.es_sql_demo.JdbcTest_Kerberos_HikariCP.esKerberosDruidDataSource(JdbcTest_Kerberos_HikariCP.java:50) [classes/:?]
	at com.tauriel.demo.es_sql_demo.JdbcTest_Kerberos_HikariCP.test(JdbcTest_Kerberos_HikariCP.java:73) [classes/:?]
	at sun.reflect.NativeMethodAccessorImpl.invoke0(Native Method) ~[?:1.8.0_111]
	at sun.reflect.NativeMethodAccessorImpl.invoke(NativeMethodAccessorImpl.java:62) ~[?:1.8.0_111]
	at sun.reflect.DelegatingMethodAccessorImpl.invoke(DelegatingMethodAccessorImpl.java:43) ~[?:1.8.0_111]
	at java.lang.reflect.Method.invoke(Method.java:498) ~[?:1.8.0_111]
	at org.junit.runners.model.FrameworkMethod$1.runReflectiveCall(FrameworkMethod.java:50) [junit-4.12.jar:4.12]
	at org.junit.internal.runners.model.ReflectiveCallable.run(ReflectiveCallable.java:12) [junit-4.12.jar:4.12]
	at org.junit.runners.model.FrameworkMethod.invokeExplosively(FrameworkMethod.java:47) [junit-4.12.jar:4.12]
	at org.junit.internal.runners.statements.InvokeMethod.evaluate(InvokeMethod.java:17) [junit-4.12.jar:4.12]
	at org.junit.runners.ParentRunner.runLeaf(ParentRunner.java:325) [junit-4.12.jar:4.12]
	at org.junit.runners.BlockJUnit4ClassRunner.runChild(BlockJUnit4ClassRunner.java:78) [junit-4.12.jar:4.12]
	at org.junit.runners.BlockJUnit4ClassRunner.runChild(BlockJUnit4ClassRunner.java:57) [junit-4.12.jar:4.12]
	at org.junit.runners.ParentRunner$3.run(ParentRunner.java:290) [junit-4.12.jar:4.12]
	at org.junit.runners.ParentRunner$1.schedule(ParentRunner.java:71) [junit-4.12.jar:4.12]
	at org.junit.runners.ParentRunner.runChildren(ParentRunner.java:288) [junit-4.12.jar:4.12]
	at org.junit.runners.ParentRunner.access$000(ParentRunner.java:58) [junit-4.12.jar:4.12]
	at org.junit.runners.ParentRunner$2.evaluate(ParentRunner.java:268) [junit-4.12.jar:4.12]
	at org.junit.runners.ParentRunner.run(ParentRunner.java:363) [junit-4.12.jar:4.12]
	at org.junit.runner.JUnitCore.run(JUnitCore.java:137) [junit-4.12.jar:4.12]
	at com.intellij.junit4.JUnit4IdeaTestRunner.startRunnerWithArgs(JUnit4IdeaTestRunner.java:68) [junit-rt.jar:?]
	at com.intellij.rt.execution.junit.IdeaTestRunner$Repeater.startRunnerWithArgs(IdeaTestRunner.java:47) [junit-rt.jar:?]
	at com.intellij.rt.execution.junit.JUnitStarter.prepareStreamsAndStart(JUnitStarter.java:242) [junit-rt.jar:?]
	at com.intellij.rt.execution.junit.JUnitStarter.main(JUnitStarter.java:70) [junit-rt.jar:?]

2019-03-25 at 13:44:03 CST WARN  org.apache.hadoop.util.NativeCodeLoader 62 <clinit> - Unable to load native-hadoop library for your platform... using builtin-java classes where applicable
2019-03-25 at 13:44:50 CST ERROR org.apache.hadoop.util.Shell 374 getWinUtilsPath - Failed to locate the winutils binary in the hadoop binary path java.io.IOException: Could not locate executable null\bin\winutils.exe in the Hadoop binaries.
	at org.apache.hadoop.util.Shell.getQualifiedBinPath(Shell.java:356) ~[hadoop-common-2.7.1.jar:?]
	at org.apache.hadoop.util.Shell.getWinUtilsPath(Shell.java:371) [hadoop-common-2.7.1.jar:?]
	at org.apache.hadoop.util.Shell.<clinit>(Shell.java:364) [hadoop-common-2.7.1.jar:?]
	at org.apache.hadoop.util.StringUtils.<clinit>(StringUtils.java:80) [hadoop-common-2.7.1.jar:?]
	at org.apache.hadoop.security.SecurityUtil.getAuthenticationMethod(SecurityUtil.java:611) [hadoop-common-2.7.1.jar:?]
	at org.apache.hadoop.security.UserGroupInformation.initialize(UserGroupInformation.java:272) [hadoop-common-2.7.1.jar:?]
	at org.apache.hadoop.security.UserGroupInformation.setConfiguration(UserGroupInformation.java:311) [hadoop-common-2.7.1.jar:?]
	at com.tauriel.demo.es_sql_demo.JdbcTest_Kerberos_HikariCP.esKerberosDruidDataSource(JdbcTest_Kerberos_HikariCP.java:50) [classes/:?]
	at com.tauriel.demo.es_sql_demo.JdbcTest_Kerberos_HikariCP.test(JdbcTest_Kerberos_HikariCP.java:73) [classes/:?]
	at sun.reflect.NativeMethodAccessorImpl.invoke0(Native Method) ~[?:1.8.0_111]
	at sun.reflect.NativeMethodAccessorImpl.invoke(NativeMethodAccessorImpl.java:62) ~[?:1.8.0_111]
	at sun.reflect.DelegatingMethodAccessorImpl.invoke(DelegatingMethodAccessorImpl.java:43) ~[?:1.8.0_111]
	at java.lang.reflect.Method.invoke(Method.java:498) ~[?:1.8.0_111]
	at org.junit.runners.model.FrameworkMethod$1.runReflectiveCall(FrameworkMethod.java:50) [junit-4.12.jar:4.12]
	at org.junit.internal.runners.model.ReflectiveCallable.run(ReflectiveCallable.java:12) [junit-4.12.jar:4.12]
	at org.junit.runners.model.FrameworkMethod.invokeExplosively(FrameworkMethod.java:47) [junit-4.12.jar:4.12]
	at org.junit.internal.runners.statements.InvokeMethod.evaluate(InvokeMethod.java:17) [junit-4.12.jar:4.12]
	at org.junit.runners.ParentRunner.runLeaf(ParentRunner.java:325) [junit-4.12.jar:4.12]
	at org.junit.runners.BlockJUnit4ClassRunner.runChild(BlockJUnit4ClassRunner.java:78) [junit-4.12.jar:4.12]
	at org.junit.runners.BlockJUnit4ClassRunner.runChild(BlockJUnit4ClassRunner.java:57) [junit-4.12.jar:4.12]
	at org.junit.runners.ParentRunner$3.run(ParentRunner.java:290) [junit-4.12.jar:4.12]
	at org.junit.runners.ParentRunner$1.schedule(ParentRunner.java:71) [junit-4.12.jar:4.12]
	at org.junit.runners.ParentRunner.runChildren(ParentRunner.java:288) [junit-4.12.jar:4.12]
	at org.junit.runners.ParentRunner.access$000(ParentRunner.java:58) [junit-4.12.jar:4.12]
	at org.junit.runners.ParentRunner$2.evaluate(ParentRunner.java:268) [junit-4.12.jar:4.12]
	at org.junit.runners.ParentRunner.run(ParentRunner.java:363) [junit-4.12.jar:4.12]
	at org.junit.runner.JUnitCore.run(JUnitCore.java:137) [junit-4.12.jar:4.12]
	at com.intellij.junit4.JUnit4IdeaTestRunner.startRunnerWithArgs(JUnit4IdeaTestRunner.java:68) [junit-rt.jar:?]
	at com.intellij.rt.execution.junit.IdeaTestRunner$Repeater.startRunnerWithArgs(IdeaTestRunner.java:47) [junit-rt.jar:?]
	at com.intellij.rt.execution.junit.JUnitStarter.prepareStreamsAndStart(JUnitStarter.java:242) [junit-rt.jar:?]
	at com.intellij.rt.execution.junit.JUnitStarter.main(JUnitStarter.java:70) [junit-rt.jar:?]

2019-03-25 at 13:44:50 CST WARN  org.apache.hadoop.util.NativeCodeLoader 62 <clinit> - Unable to load native-hadoop library for your platform... using builtin-java classes where applicable
2019-03-25 at 13:46:37 CST ERROR org.apache.hadoop.util.Shell 374 getWinUtilsPath - Failed to locate the winutils binary in the hadoop binary path java.io.IOException: Could not locate executable null\bin\winutils.exe in the Hadoop binaries.
	at org.apache.hadoop.util.Shell.getQualifiedBinPath(Shell.java:356) ~[hadoop-common-2.7.1.jar:?]
	at org.apache.hadoop.util.Shell.getWinUtilsPath(Shell.java:371) [hadoop-common-2.7.1.jar:?]
	at org.apache.hadoop.util.Shell.<clinit>(Shell.java:364) [hadoop-common-2.7.1.jar:?]
	at org.apache.hadoop.util.StringUtils.<clinit>(StringUtils.java:80) [hadoop-common-2.7.1.jar:?]
	at org.apache.hadoop.security.SecurityUtil.getAuthenticationMethod(SecurityUtil.java:611) [hadoop-common-2.7.1.jar:?]
	at org.apache.hadoop.security.UserGroupInformation.initialize(UserGroupInformation.java:272) [hadoop-common-2.7.1.jar:?]
	at org.apache.hadoop.security.UserGroupInformation.setConfiguration(UserGroupInformation.java:311) [hadoop-common-2.7.1.jar:?]
	at com.tauriel.demo.es_sql_demo.JdbcTest_Kerberos_HikariCP.esKerberosDruidDataSource(JdbcTest_Kerberos_HikariCP.java:50) [classes/:?]
	at com.tauriel.demo.es_sql_demo.JdbcTest_Kerberos_HikariCP.test(JdbcTest_Kerberos_HikariCP.java:73) [classes/:?]
	at sun.reflect.NativeMethodAccessorImpl.invoke0(Native Method) ~[?:1.8.0_111]
	at sun.reflect.NativeMethodAccessorImpl.invoke(NativeMethodAccessorImpl.java:62) ~[?:1.8.0_111]
	at sun.reflect.DelegatingMethodAccessorImpl.invoke(DelegatingMethodAccessorImpl.java:43) ~[?:1.8.0_111]
	at java.lang.reflect.Method.invoke(Method.java:498) ~[?:1.8.0_111]
	at org.junit.runners.model.FrameworkMethod$1.runReflectiveCall(FrameworkMethod.java:50) [junit-4.12.jar:4.12]
	at org.junit.internal.runners.model.ReflectiveCallable.run(ReflectiveCallable.java:12) [junit-4.12.jar:4.12]
	at org.junit.runners.model.FrameworkMethod.invokeExplosively(FrameworkMethod.java:47) [junit-4.12.jar:4.12]
	at org.junit.internal.runners.statements.InvokeMethod.evaluate(InvokeMethod.java:17) [junit-4.12.jar:4.12]
	at org.junit.runners.ParentRunner.runLeaf(ParentRunner.java:325) [junit-4.12.jar:4.12]
	at org.junit.runners.BlockJUnit4ClassRunner.runChild(BlockJUnit4ClassRunner.java:78) [junit-4.12.jar:4.12]
	at org.junit.runners.BlockJUnit4ClassRunner.runChild(BlockJUnit4ClassRunner.java:57) [junit-4.12.jar:4.12]
	at org.junit.runners.ParentRunner$3.run(ParentRunner.java:290) [junit-4.12.jar:4.12]
	at org.junit.runners.ParentRunner$1.schedule(ParentRunner.java:71) [junit-4.12.jar:4.12]
	at org.junit.runners.ParentRunner.runChildren(ParentRunner.java:288) [junit-4.12.jar:4.12]
	at org.junit.runners.ParentRunner.access$000(ParentRunner.java:58) [junit-4.12.jar:4.12]
	at org.junit.runners.ParentRunner$2.evaluate(ParentRunner.java:268) [junit-4.12.jar:4.12]
	at org.junit.runners.ParentRunner.run(ParentRunner.java:363) [junit-4.12.jar:4.12]
	at org.junit.runner.JUnitCore.run(JUnitCore.java:137) [junit-4.12.jar:4.12]
	at com.intellij.junit4.JUnit4IdeaTestRunner.startRunnerWithArgs(JUnit4IdeaTestRunner.java:68) [junit-rt.jar:?]
	at com.intellij.rt.execution.junit.IdeaTestRunner$Repeater.startRunnerWithArgs(IdeaTestRunner.java:47) [junit-rt.jar:?]
	at com.intellij.rt.execution.junit.JUnitStarter.prepareStreamsAndStart(JUnitStarter.java:242) [junit-rt.jar:?]
	at com.intellij.rt.execution.junit.JUnitStarter.main(JUnitStarter.java:70) [junit-rt.jar:?]

2019-03-25 at 13:46:37 CST WARN  org.apache.hadoop.util.NativeCodeLoader 62 <clinit> - Unable to load native-hadoop library for your platform... using builtin-java classes where applicable
2019-03-25 at 13:47:06 CST ERROR org.apache.hadoop.util.Shell 374 getWinUtilsPath - Failed to locate the winutils binary in the hadoop binary path java.io.IOException: Could not locate executable null\bin\winutils.exe in the Hadoop binaries.
	at org.apache.hadoop.util.Shell.getQualifiedBinPath(Shell.java:356) ~[hadoop-common-2.7.1.jar:?]
	at org.apache.hadoop.util.Shell.getWinUtilsPath(Shell.java:371) [hadoop-common-2.7.1.jar:?]
	at org.apache.hadoop.util.Shell.<clinit>(Shell.java:364) [hadoop-common-2.7.1.jar:?]
	at org.apache.hadoop.util.StringUtils.<clinit>(StringUtils.java:80) [hadoop-common-2.7.1.jar:?]
	at org.apache.hadoop.security.SecurityUtil.getAuthenticationMethod(SecurityUtil.java:611) [hadoop-common-2.7.1.jar:?]
	at org.apache.hadoop.security.UserGroupInformation.initialize(UserGroupInformation.java:272) [hadoop-common-2.7.1.jar:?]
	at org.apache.hadoop.security.UserGroupInformation.setConfiguration(UserGroupInformation.java:311) [hadoop-common-2.7.1.jar:?]
	at com.tauriel.demo.es_sql_demo.JdbcTest_Kerberos_HikariCP.esKerberosDruidDataSource(JdbcTest_Kerberos_HikariCP.java:50) [classes/:?]
	at com.tauriel.demo.es_sql_demo.JdbcTest_Kerberos_HikariCP.test(JdbcTest_Kerberos_HikariCP.java:73) [classes/:?]
	at sun.reflect.NativeMethodAccessorImpl.invoke0(Native Method) ~[?:1.8.0_111]
	at sun.reflect.NativeMethodAccessorImpl.invoke(NativeMethodAccessorImpl.java:62) ~[?:1.8.0_111]
	at sun.reflect.DelegatingMethodAccessorImpl.invoke(DelegatingMethodAccessorImpl.java:43) ~[?:1.8.0_111]
	at java.lang.reflect.Method.invoke(Method.java:498) ~[?:1.8.0_111]
	at org.junit.runners.model.FrameworkMethod$1.runReflectiveCall(FrameworkMethod.java:50) [junit-4.12.jar:4.12]
	at org.junit.internal.runners.model.ReflectiveCallable.run(ReflectiveCallable.java:12) [junit-4.12.jar:4.12]
	at org.junit.runners.model.FrameworkMethod.invokeExplosively(FrameworkMethod.java:47) [junit-4.12.jar:4.12]
	at org.junit.internal.runners.statements.InvokeMethod.evaluate(InvokeMethod.java:17) [junit-4.12.jar:4.12]
	at org.junit.runners.ParentRunner.runLeaf(ParentRunner.java:325) [junit-4.12.jar:4.12]
	at org.junit.runners.BlockJUnit4ClassRunner.runChild(BlockJUnit4ClassRunner.java:78) [junit-4.12.jar:4.12]
	at org.junit.runners.BlockJUnit4ClassRunner.runChild(BlockJUnit4ClassRunner.java:57) [junit-4.12.jar:4.12]
	at org.junit.runners.ParentRunner$3.run(ParentRunner.java:290) [junit-4.12.jar:4.12]
	at org.junit.runners.ParentRunner$1.schedule(ParentRunner.java:71) [junit-4.12.jar:4.12]
	at org.junit.runners.ParentRunner.runChildren(ParentRunner.java:288) [junit-4.12.jar:4.12]
	at org.junit.runners.ParentRunner.access$000(ParentRunner.java:58) [junit-4.12.jar:4.12]
	at org.junit.runners.ParentRunner$2.evaluate(ParentRunner.java:268) [junit-4.12.jar:4.12]
	at org.junit.runners.ParentRunner.run(ParentRunner.java:363) [junit-4.12.jar:4.12]
	at org.junit.runner.JUnitCore.run(JUnitCore.java:137) [junit-4.12.jar:4.12]
	at com.intellij.junit4.JUnit4IdeaTestRunner.startRunnerWithArgs(JUnit4IdeaTestRunner.java:68) [junit-rt.jar:?]
	at com.intellij.rt.execution.junit.IdeaTestRunner$Repeater.startRunnerWithArgs(IdeaTestRunner.java:47) [junit-rt.jar:?]
	at com.intellij.rt.execution.junit.JUnitStarter.prepareStreamsAndStart(JUnitStarter.java:242) [junit-rt.jar:?]
	at com.intellij.rt.execution.junit.JUnitStarter.main(JUnitStarter.java:70) [junit-rt.jar:?]

2019-03-25 at 13:47:06 CST WARN  org.apache.hadoop.util.NativeCodeLoader 62 <clinit> - Unable to load native-hadoop library for your platform... using builtin-java classes where applicable
2019-03-25 at 13:47:39 CST ERROR org.apache.hadoop.util.Shell 374 getWinUtilsPath - Failed to locate the winutils binary in the hadoop binary path java.io.IOException: Could not locate executable null\bin\winutils.exe in the Hadoop binaries.
	at org.apache.hadoop.util.Shell.getQualifiedBinPath(Shell.java:356) ~[hadoop-common-2.7.1.jar:?]
	at org.apache.hadoop.util.Shell.getWinUtilsPath(Shell.java:371) [hadoop-common-2.7.1.jar:?]
	at org.apache.hadoop.util.Shell.<clinit>(Shell.java:364) [hadoop-common-2.7.1.jar:?]
	at org.apache.hadoop.util.StringUtils.<clinit>(StringUtils.java:80) [hadoop-common-2.7.1.jar:?]
	at org.apache.hadoop.security.SecurityUtil.getAuthenticationMethod(SecurityUtil.java:611) [hadoop-common-2.7.1.jar:?]
	at org.apache.hadoop.security.UserGroupInformation.initialize(UserGroupInformation.java:272) [hadoop-common-2.7.1.jar:?]
	at org.apache.hadoop.security.UserGroupInformation.setConfiguration(UserGroupInformation.java:311) [hadoop-common-2.7.1.jar:?]
	at com.tauriel.demo.es_sql_demo.JdbcTest_Kerberos_HikariCP.esKerberosDruidDataSource(JdbcTest_Kerberos_HikariCP.java:50) [classes/:?]
	at com.tauriel.demo.es_sql_demo.JdbcTest_Kerberos_HikariCP.test(JdbcTest_Kerberos_HikariCP.java:73) [classes/:?]
	at sun.reflect.NativeMethodAccessorImpl.invoke0(Native Method) ~[?:1.8.0_111]
	at sun.reflect.NativeMethodAccessorImpl.invoke(NativeMethodAccessorImpl.java:62) ~[?:1.8.0_111]
	at sun.reflect.DelegatingMethodAccessorImpl.invoke(DelegatingMethodAccessorImpl.java:43) ~[?:1.8.0_111]
	at java.lang.reflect.Method.invoke(Method.java:498) ~[?:1.8.0_111]
	at org.junit.runners.model.FrameworkMethod$1.runReflectiveCall(FrameworkMethod.java:50) [junit-4.12.jar:4.12]
	at org.junit.internal.runners.model.ReflectiveCallable.run(ReflectiveCallable.java:12) [junit-4.12.jar:4.12]
	at org.junit.runners.model.FrameworkMethod.invokeExplosively(FrameworkMethod.java:47) [junit-4.12.jar:4.12]
	at org.junit.internal.runners.statements.InvokeMethod.evaluate(InvokeMethod.java:17) [junit-4.12.jar:4.12]
	at org.junit.runners.ParentRunner.runLeaf(ParentRunner.java:325) [junit-4.12.jar:4.12]
	at org.junit.runners.BlockJUnit4ClassRunner.runChild(BlockJUnit4ClassRunner.java:78) [junit-4.12.jar:4.12]
	at org.junit.runners.BlockJUnit4ClassRunner.runChild(BlockJUnit4ClassRunner.java:57) [junit-4.12.jar:4.12]
	at org.junit.runners.ParentRunner$3.run(ParentRunner.java:290) [junit-4.12.jar:4.12]
	at org.junit.runners.ParentRunner$1.schedule(ParentRunner.java:71) [junit-4.12.jar:4.12]
	at org.junit.runners.ParentRunner.runChildren(ParentRunner.java:288) [junit-4.12.jar:4.12]
	at org.junit.runners.ParentRunner.access$000(ParentRunner.java:58) [junit-4.12.jar:4.12]
	at org.junit.runners.ParentRunner$2.evaluate(ParentRunner.java:268) [junit-4.12.jar:4.12]
	at org.junit.runners.ParentRunner.run(ParentRunner.java:363) [junit-4.12.jar:4.12]
	at org.junit.runner.JUnitCore.run(JUnitCore.java:137) [junit-4.12.jar:4.12]
	at com.intellij.junit4.JUnit4IdeaTestRunner.startRunnerWithArgs(JUnit4IdeaTestRunner.java:68) [junit-rt.jar:?]
	at com.intellij.rt.execution.junit.IdeaTestRunner$Repeater.startRunnerWithArgs(IdeaTestRunner.java:47) [junit-rt.jar:?]
	at com.intellij.rt.execution.junit.JUnitStarter.prepareStreamsAndStart(JUnitStarter.java:242) [junit-rt.jar:?]
	at com.intellij.rt.execution.junit.JUnitStarter.main(JUnitStarter.java:70) [junit-rt.jar:?]

2019-03-25 at 13:47:39 CST WARN  org.apache.hadoop.util.NativeCodeLoader 62 <clinit> - Unable to load native-hadoop library for your platform... using builtin-java classes where applicable
2019-03-25 at 13:50:44 CST ERROR org.apache.hadoop.util.Shell 374 getWinUtilsPath - Failed to locate the winutils binary in the hadoop binary path java.io.IOException: Could not locate executable null\bin\winutils.exe in the Hadoop binaries.
	at org.apache.hadoop.util.Shell.getQualifiedBinPath(Shell.java:356) ~[hadoop-common-2.7.1.jar:?]
	at org.apache.hadoop.util.Shell.getWinUtilsPath(Shell.java:371) [hadoop-common-2.7.1.jar:?]
	at org.apache.hadoop.util.Shell.<clinit>(Shell.java:364) [hadoop-common-2.7.1.jar:?]
	at org.apache.hadoop.util.StringUtils.<clinit>(StringUtils.java:80) [hadoop-common-2.7.1.jar:?]
	at org.apache.hadoop.security.SecurityUtil.getAuthenticationMethod(SecurityUtil.java:611) [hadoop-common-2.7.1.jar:?]
	at org.apache.hadoop.security.UserGroupInformation.initialize(UserGroupInformation.java:272) [hadoop-common-2.7.1.jar:?]
	at org.apache.hadoop.security.UserGroupInformation.setConfiguration(UserGroupInformation.java:311) [hadoop-common-2.7.1.jar:?]
	at com.tauriel.demo.es_sql_demo.JdbcTest_Kerberos_HikariCP.esKerberosDruidDataSource(JdbcTest_Kerberos_HikariCP.java:50) [classes/:?]
	at com.tauriel.demo.es_sql_demo.JdbcTest_Kerberos_HikariCP.test(JdbcTest_Kerberos_HikariCP.java:73) [classes/:?]
	at sun.reflect.NativeMethodAccessorImpl.invoke0(Native Method) ~[?:1.8.0_111]
	at sun.reflect.NativeMethodAccessorImpl.invoke(NativeMethodAccessorImpl.java:62) ~[?:1.8.0_111]
	at sun.reflect.DelegatingMethodAccessorImpl.invoke(DelegatingMethodAccessorImpl.java:43) ~[?:1.8.0_111]
	at java.lang.reflect.Method.invoke(Method.java:498) ~[?:1.8.0_111]
	at org.junit.runners.model.FrameworkMethod$1.runReflectiveCall(FrameworkMethod.java:50) [junit-4.12.jar:4.12]
	at org.junit.internal.runners.model.ReflectiveCallable.run(ReflectiveCallable.java:12) [junit-4.12.jar:4.12]
	at org.junit.runners.model.FrameworkMethod.invokeExplosively(FrameworkMethod.java:47) [junit-4.12.jar:4.12]
	at org.junit.internal.runners.statements.InvokeMethod.evaluate(InvokeMethod.java:17) [junit-4.12.jar:4.12]
	at org.junit.runners.ParentRunner.runLeaf(ParentRunner.java:325) [junit-4.12.jar:4.12]
	at org.junit.runners.BlockJUnit4ClassRunner.runChild(BlockJUnit4ClassRunner.java:78) [junit-4.12.jar:4.12]
	at org.junit.runners.BlockJUnit4ClassRunner.runChild(BlockJUnit4ClassRunner.java:57) [junit-4.12.jar:4.12]
	at org.junit.runners.ParentRunner$3.run(ParentRunner.java:290) [junit-4.12.jar:4.12]
	at org.junit.runners.ParentRunner$1.schedule(ParentRunner.java:71) [junit-4.12.jar:4.12]
	at org.junit.runners.ParentRunner.runChildren(ParentRunner.java:288) [junit-4.12.jar:4.12]
	at org.junit.runners.ParentRunner.access$000(ParentRunner.java:58) [junit-4.12.jar:4.12]
	at org.junit.runners.ParentRunner$2.evaluate(ParentRunner.java:268) [junit-4.12.jar:4.12]
	at org.junit.runners.ParentRunner.run(ParentRunner.java:363) [junit-4.12.jar:4.12]
	at org.junit.runner.JUnitCore.run(JUnitCore.java:137) [junit-4.12.jar:4.12]
	at com.intellij.junit4.JUnit4IdeaTestRunner.startRunnerWithArgs(JUnit4IdeaTestRunner.java:68) [junit-rt.jar:?]
	at com.intellij.rt.execution.junit.IdeaTestRunner$Repeater.startRunnerWithArgs(IdeaTestRunner.java:47) [junit-rt.jar:?]
	at com.intellij.rt.execution.junit.JUnitStarter.prepareStreamsAndStart(JUnitStarter.java:242) [junit-rt.jar:?]
	at com.intellij.rt.execution.junit.JUnitStarter.main(JUnitStarter.java:70) [junit-rt.jar:?]

2019-03-25 at 13:50:44 CST WARN  org.apache.hadoop.util.NativeCodeLoader 62 <clinit> - Unable to load native-hadoop library for your platform... using builtin-java classes where applicable
2019-03-25 at 13:51:28 CST ERROR org.apache.hadoop.util.Shell 374 getWinUtilsPath - Failed to locate the winutils binary in the hadoop binary path java.io.IOException: Could not locate executable null\bin\winutils.exe in the Hadoop binaries.
	at org.apache.hadoop.util.Shell.getQualifiedBinPath(Shell.java:356) ~[hadoop-common-2.7.1.jar:?]
	at org.apache.hadoop.util.Shell.getWinUtilsPath(Shell.java:371) [hadoop-common-2.7.1.jar:?]
	at org.apache.hadoop.util.Shell.<clinit>(Shell.java:364) [hadoop-common-2.7.1.jar:?]
	at org.apache.hadoop.util.StringUtils.<clinit>(StringUtils.java:80) [hadoop-common-2.7.1.jar:?]
	at org.apache.hadoop.security.SecurityUtil.getAuthenticationMethod(SecurityUtil.java:611) [hadoop-common-2.7.1.jar:?]
	at org.apache.hadoop.security.UserGroupInformation.initialize(UserGroupInformation.java:272) [hadoop-common-2.7.1.jar:?]
	at org.apache.hadoop.security.UserGroupInformation.setConfiguration(UserGroupInformation.java:311) [hadoop-common-2.7.1.jar:?]
	at com.tauriel.demo.es_sql_demo.JdbcTest_Kerberos_HikariCP.esKerberosDruidDataSource(JdbcTest_Kerberos_HikariCP.java:50) [classes/:?]
	at com.tauriel.demo.es_sql_demo.JdbcTest_Kerberos_HikariCP.test(JdbcTest_Kerberos_HikariCP.java:73) [classes/:?]
	at sun.reflect.NativeMethodAccessorImpl.invoke0(Native Method) ~[?:1.8.0_111]
	at sun.reflect.NativeMethodAccessorImpl.invoke(NativeMethodAccessorImpl.java:62) ~[?:1.8.0_111]
	at sun.reflect.DelegatingMethodAccessorImpl.invoke(DelegatingMethodAccessorImpl.java:43) ~[?:1.8.0_111]
	at java.lang.reflect.Method.invoke(Method.java:498) ~[?:1.8.0_111]
	at org.junit.runners.model.FrameworkMethod$1.runReflectiveCall(FrameworkMethod.java:50) [junit-4.12.jar:4.12]
	at org.junit.internal.runners.model.ReflectiveCallable.run(ReflectiveCallable.java:12) [junit-4.12.jar:4.12]
	at org.junit.runners.model.FrameworkMethod.invokeExplosively(FrameworkMethod.java:47) [junit-4.12.jar:4.12]
	at org.junit.internal.runners.statements.InvokeMethod.evaluate(InvokeMethod.java:17) [junit-4.12.jar:4.12]
	at org.junit.runners.ParentRunner.runLeaf(ParentRunner.java:325) [junit-4.12.jar:4.12]
	at org.junit.runners.BlockJUnit4ClassRunner.runChild(BlockJUnit4ClassRunner.java:78) [junit-4.12.jar:4.12]
	at org.junit.runners.BlockJUnit4ClassRunner.runChild(BlockJUnit4ClassRunner.java:57) [junit-4.12.jar:4.12]
	at org.junit.runners.ParentRunner$3.run(ParentRunner.java:290) [junit-4.12.jar:4.12]
	at org.junit.runners.ParentRunner$1.schedule(ParentRunner.java:71) [junit-4.12.jar:4.12]
	at org.junit.runners.ParentRunner.runChildren(ParentRunner.java:288) [junit-4.12.jar:4.12]
	at org.junit.runners.ParentRunner.access$000(ParentRunner.java:58) [junit-4.12.jar:4.12]
	at org.junit.runners.ParentRunner$2.evaluate(ParentRunner.java:268) [junit-4.12.jar:4.12]
	at org.junit.runners.ParentRunner.run(ParentRunner.java:363) [junit-4.12.jar:4.12]
	at org.junit.runner.JUnitCore.run(JUnitCore.java:137) [junit-4.12.jar:4.12]
	at com.intellij.junit4.JUnit4IdeaTestRunner.startRunnerWithArgs(JUnit4IdeaTestRunner.java:68) [junit-rt.jar:?]
	at com.intellij.rt.execution.junit.IdeaTestRunner$Repeater.startRunnerWithArgs(IdeaTestRunner.java:47) [junit-rt.jar:?]
	at com.intellij.rt.execution.junit.JUnitStarter.prepareStreamsAndStart(JUnitStarter.java:242) [junit-rt.jar:?]
	at com.intellij.rt.execution.junit.JUnitStarter.main(JUnitStarter.java:70) [junit-rt.jar:?]

2019-03-25 at 13:51:28 CST WARN  org.apache.hadoop.util.NativeCodeLoader 62 <clinit> - Unable to load native-hadoop library for your platform... using builtin-java classes where applicable
2019-03-25 at 13:52:13 CST ERROR org.apache.hadoop.util.Shell 374 getWinUtilsPath - Failed to locate the winutils binary in the hadoop binary path java.io.IOException: Could not locate executable null\bin\winutils.exe in the Hadoop binaries.
	at org.apache.hadoop.util.Shell.getQualifiedBinPath(Shell.java:356) ~[hadoop-common-2.7.1.jar:?]
	at org.apache.hadoop.util.Shell.getWinUtilsPath(Shell.java:371) [hadoop-common-2.7.1.jar:?]
	at org.apache.hadoop.util.Shell.<clinit>(Shell.java:364) [hadoop-common-2.7.1.jar:?]
	at org.apache.hadoop.util.StringUtils.<clinit>(StringUtils.java:80) [hadoop-common-2.7.1.jar:?]
	at org.apache.hadoop.security.SecurityUtil.getAuthenticationMethod(SecurityUtil.java:611) [hadoop-common-2.7.1.jar:?]
	at org.apache.hadoop.security.UserGroupInformation.initialize(UserGroupInformation.java:272) [hadoop-common-2.7.1.jar:?]
	at org.apache.hadoop.security.UserGroupInformation.setConfiguration(UserGroupInformation.java:311) [hadoop-common-2.7.1.jar:?]
	at com.tauriel.demo.es_sql_demo.JdbcTest_Kerberos_HikariCP.esKerberosDruidDataSource(JdbcTest_Kerberos_HikariCP.java:50) [classes/:?]
	at com.tauriel.demo.es_sql_demo.JdbcTest_Kerberos_HikariCP.test(JdbcTest_Kerberos_HikariCP.java:73) [classes/:?]
	at sun.reflect.NativeMethodAccessorImpl.invoke0(Native Method) ~[?:1.8.0_111]
	at sun.reflect.NativeMethodAccessorImpl.invoke(NativeMethodAccessorImpl.java:62) ~[?:1.8.0_111]
	at sun.reflect.DelegatingMethodAccessorImpl.invoke(DelegatingMethodAccessorImpl.java:43) ~[?:1.8.0_111]
	at java.lang.reflect.Method.invoke(Method.java:498) ~[?:1.8.0_111]
	at org.junit.runners.model.FrameworkMethod$1.runReflectiveCall(FrameworkMethod.java:50) [junit-4.12.jar:4.12]
	at org.junit.internal.runners.model.ReflectiveCallable.run(ReflectiveCallable.java:12) [junit-4.12.jar:4.12]
	at org.junit.runners.model.FrameworkMethod.invokeExplosively(FrameworkMethod.java:47) [junit-4.12.jar:4.12]
	at org.junit.internal.runners.statements.InvokeMethod.evaluate(InvokeMethod.java:17) [junit-4.12.jar:4.12]
	at org.junit.runners.ParentRunner.runLeaf(ParentRunner.java:325) [junit-4.12.jar:4.12]
	at org.junit.runners.BlockJUnit4ClassRunner.runChild(BlockJUnit4ClassRunner.java:78) [junit-4.12.jar:4.12]
	at org.junit.runners.BlockJUnit4ClassRunner.runChild(BlockJUnit4ClassRunner.java:57) [junit-4.12.jar:4.12]
	at org.junit.runners.ParentRunner$3.run(ParentRunner.java:290) [junit-4.12.jar:4.12]
	at org.junit.runners.ParentRunner$1.schedule(ParentRunner.java:71) [junit-4.12.jar:4.12]
	at org.junit.runners.ParentRunner.runChildren(ParentRunner.java:288) [junit-4.12.jar:4.12]
	at org.junit.runners.ParentRunner.access$000(ParentRunner.java:58) [junit-4.12.jar:4.12]
	at org.junit.runners.ParentRunner$2.evaluate(ParentRunner.java:268) [junit-4.12.jar:4.12]
	at org.junit.runners.ParentRunner.run(ParentRunner.java:363) [junit-4.12.jar:4.12]
	at org.junit.runner.JUnitCore.run(JUnitCore.java:137) [junit-4.12.jar:4.12]
	at com.intellij.junit4.JUnit4IdeaTestRunner.startRunnerWithArgs(JUnit4IdeaTestRunner.java:68) [junit-rt.jar:?]
	at com.intellij.rt.execution.junit.IdeaTestRunner$Repeater.startRunnerWithArgs(IdeaTestRunner.java:47) [junit-rt.jar:?]
	at com.intellij.rt.execution.junit.JUnitStarter.prepareStreamsAndStart(JUnitStarter.java:242) [junit-rt.jar:?]
	at com.intellij.rt.execution.junit.JUnitStarter.main(JUnitStarter.java:70) [junit-rt.jar:?]

2019-03-25 at 13:52:13 CST WARN  org.apache.hadoop.util.NativeCodeLoader 62 <clinit> - Unable to load native-hadoop library for your platform... using builtin-java classes where applicable
2019-03-25 at 13:56:41 CST ERROR org.apache.hadoop.util.Shell 374 getWinUtilsPath - Failed to locate the winutils binary in the hadoop binary path java.io.IOException: Could not locate executable null\bin\winutils.exe in the Hadoop binaries.
	at org.apache.hadoop.util.Shell.getQualifiedBinPath(Shell.java:356) ~[hadoop-common-2.7.1.jar:?]
	at org.apache.hadoop.util.Shell.getWinUtilsPath(Shell.java:371) [hadoop-common-2.7.1.jar:?]
	at org.apache.hadoop.util.Shell.<clinit>(Shell.java:364) [hadoop-common-2.7.1.jar:?]
	at org.apache.hadoop.util.StringUtils.<clinit>(StringUtils.java:80) [hadoop-common-2.7.1.jar:?]
	at org.apache.hadoop.security.SecurityUtil.getAuthenticationMethod(SecurityUtil.java:611) [hadoop-common-2.7.1.jar:?]
	at org.apache.hadoop.security.UserGroupInformation.initialize(UserGroupInformation.java:272) [hadoop-common-2.7.1.jar:?]
	at org.apache.hadoop.security.UserGroupInformation.setConfiguration(UserGroupInformation.java:311) [hadoop-common-2.7.1.jar:?]
	at com.tauriel.demo.es_sql_demo.JdbcTest_Kerberos_HikariCP.esKerberosDruidDataSource(JdbcTest_Kerberos_HikariCP.java:50) [classes/:?]
	at com.tauriel.demo.es_sql_demo.JdbcTest_Kerberos_HikariCP.test(JdbcTest_Kerberos_HikariCP.java:73) [classes/:?]
	at sun.reflect.NativeMethodAccessorImpl.invoke0(Native Method) ~[?:1.8.0_111]
	at sun.reflect.NativeMethodAccessorImpl.invoke(NativeMethodAccessorImpl.java:62) ~[?:1.8.0_111]
	at sun.reflect.DelegatingMethodAccessorImpl.invoke(DelegatingMethodAccessorImpl.java:43) ~[?:1.8.0_111]
	at java.lang.reflect.Method.invoke(Method.java:498) ~[?:1.8.0_111]
	at org.junit.runners.model.FrameworkMethod$1.runReflectiveCall(FrameworkMethod.java:50) [junit-4.12.jar:4.12]
	at org.junit.internal.runners.model.ReflectiveCallable.run(ReflectiveCallable.java:12) [junit-4.12.jar:4.12]
	at org.junit.runners.model.FrameworkMethod.invokeExplosively(FrameworkMethod.java:47) [junit-4.12.jar:4.12]
	at org.junit.internal.runners.statements.InvokeMethod.evaluate(InvokeMethod.java:17) [junit-4.12.jar:4.12]
	at org.junit.runners.ParentRunner.runLeaf(ParentRunner.java:325) [junit-4.12.jar:4.12]
	at org.junit.runners.BlockJUnit4ClassRunner.runChild(BlockJUnit4ClassRunner.java:78) [junit-4.12.jar:4.12]
	at org.junit.runners.BlockJUnit4ClassRunner.runChild(BlockJUnit4ClassRunner.java:57) [junit-4.12.jar:4.12]
	at org.junit.runners.ParentRunner$3.run(ParentRunner.java:290) [junit-4.12.jar:4.12]
	at org.junit.runners.ParentRunner$1.schedule(ParentRunner.java:71) [junit-4.12.jar:4.12]
	at org.junit.runners.ParentRunner.runChildren(ParentRunner.java:288) [junit-4.12.jar:4.12]
	at org.junit.runners.ParentRunner.access$000(ParentRunner.java:58) [junit-4.12.jar:4.12]
	at org.junit.runners.ParentRunner$2.evaluate(ParentRunner.java:268) [junit-4.12.jar:4.12]
	at org.junit.runners.ParentRunner.run(ParentRunner.java:363) [junit-4.12.jar:4.12]
	at org.junit.runner.JUnitCore.run(JUnitCore.java:137) [junit-4.12.jar:4.12]
	at com.intellij.junit4.JUnit4IdeaTestRunner.startRunnerWithArgs(JUnit4IdeaTestRunner.java:68) [junit-rt.jar:?]
	at com.intellij.rt.execution.junit.IdeaTestRunner$Repeater.startRunnerWithArgs(IdeaTestRunner.java:47) [junit-rt.jar:?]
	at com.intellij.rt.execution.junit.JUnitStarter.prepareStreamsAndStart(JUnitStarter.java:242) [junit-rt.jar:?]
	at com.intellij.rt.execution.junit.JUnitStarter.main(JUnitStarter.java:70) [junit-rt.jar:?]

2019-03-25 at 13:56:41 CST WARN  org.apache.hadoop.util.NativeCodeLoader 62 <clinit> - Unable to load native-hadoop library for your platform... using builtin-java classes where applicable
2019-03-25 at 13:57:47 CST ERROR org.apache.hadoop.util.Shell 374 getWinUtilsPath - Failed to locate the winutils binary in the hadoop binary path java.io.IOException: Could not locate executable null\bin\winutils.exe in the Hadoop binaries.
	at org.apache.hadoop.util.Shell.getQualifiedBinPath(Shell.java:356) ~[hadoop-common-2.7.1.jar:?]
	at org.apache.hadoop.util.Shell.getWinUtilsPath(Shell.java:371) [hadoop-common-2.7.1.jar:?]
	at org.apache.hadoop.util.Shell.<clinit>(Shell.java:364) [hadoop-common-2.7.1.jar:?]
	at org.apache.hadoop.util.StringUtils.<clinit>(StringUtils.java:80) [hadoop-common-2.7.1.jar:?]
	at org.apache.hadoop.security.SecurityUtil.getAuthenticationMethod(SecurityUtil.java:611) [hadoop-common-2.7.1.jar:?]
	at org.apache.hadoop.security.UserGroupInformation.initialize(UserGroupInformation.java:272) [hadoop-common-2.7.1.jar:?]
	at org.apache.hadoop.security.UserGroupInformation.setConfiguration(UserGroupInformation.java:311) [hadoop-common-2.7.1.jar:?]
	at com.tauriel.demo.es_sql_demo.JdbcTest_Kerberos_HikariCP.esKerberosDruidDataSource(JdbcTest_Kerberos_HikariCP.java:50) [classes/:?]
	at com.tauriel.demo.es_sql_demo.JdbcTest_Kerberos_HikariCP.test(JdbcTest_Kerberos_HikariCP.java:73) [classes/:?]
	at sun.reflect.NativeMethodAccessorImpl.invoke0(Native Method) ~[?:1.8.0_111]
	at sun.reflect.NativeMethodAccessorImpl.invoke(NativeMethodAccessorImpl.java:62) ~[?:1.8.0_111]
	at sun.reflect.DelegatingMethodAccessorImpl.invoke(DelegatingMethodAccessorImpl.java:43) ~[?:1.8.0_111]
	at java.lang.reflect.Method.invoke(Method.java:498) ~[?:1.8.0_111]
	at org.junit.runners.model.FrameworkMethod$1.runReflectiveCall(FrameworkMethod.java:50) [junit-4.12.jar:4.12]
	at org.junit.internal.runners.model.ReflectiveCallable.run(ReflectiveCallable.java:12) [junit-4.12.jar:4.12]
	at org.junit.runners.model.FrameworkMethod.invokeExplosively(FrameworkMethod.java:47) [junit-4.12.jar:4.12]
	at org.junit.internal.runners.statements.InvokeMethod.evaluate(InvokeMethod.java:17) [junit-4.12.jar:4.12]
	at org.junit.runners.ParentRunner.runLeaf(ParentRunner.java:325) [junit-4.12.jar:4.12]
	at org.junit.runners.BlockJUnit4ClassRunner.runChild(BlockJUnit4ClassRunner.java:78) [junit-4.12.jar:4.12]
	at org.junit.runners.BlockJUnit4ClassRunner.runChild(BlockJUnit4ClassRunner.java:57) [junit-4.12.jar:4.12]
	at org.junit.runners.ParentRunner$3.run(ParentRunner.java:290) [junit-4.12.jar:4.12]
	at org.junit.runners.ParentRunner$1.schedule(ParentRunner.java:71) [junit-4.12.jar:4.12]
	at org.junit.runners.ParentRunner.runChildren(ParentRunner.java:288) [junit-4.12.jar:4.12]
	at org.junit.runners.ParentRunner.access$000(ParentRunner.java:58) [junit-4.12.jar:4.12]
	at org.junit.runners.ParentRunner$2.evaluate(ParentRunner.java:268) [junit-4.12.jar:4.12]
	at org.junit.runners.ParentRunner.run(ParentRunner.java:363) [junit-4.12.jar:4.12]
	at org.junit.runner.JUnitCore.run(JUnitCore.java:137) [junit-4.12.jar:4.12]
	at com.intellij.junit4.JUnit4IdeaTestRunner.startRunnerWithArgs(JUnit4IdeaTestRunner.java:68) [junit-rt.jar:?]
	at com.intellij.rt.execution.junit.IdeaTestRunner$Repeater.startRunnerWithArgs(IdeaTestRunner.java:47) [junit-rt.jar:?]
	at com.intellij.rt.execution.junit.JUnitStarter.prepareStreamsAndStart(JUnitStarter.java:242) [junit-rt.jar:?]
	at com.intellij.rt.execution.junit.JUnitStarter.main(JUnitStarter.java:70) [junit-rt.jar:?]

2019-03-25 at 13:57:47 CST WARN  org.apache.hadoop.util.NativeCodeLoader 62 <clinit> - Unable to load native-hadoop library for your platform... using builtin-java classes where applicable
2019-03-25 at 13:59:03 CST ERROR org.apache.hadoop.util.Shell 374 getWinUtilsPath - Failed to locate the winutils binary in the hadoop binary path java.io.IOException: Could not locate executable null\bin\winutils.exe in the Hadoop binaries.
	at org.apache.hadoop.util.Shell.getQualifiedBinPath(Shell.java:356) ~[hadoop-common-2.7.1.jar:?]
	at org.apache.hadoop.util.Shell.getWinUtilsPath(Shell.java:371) [hadoop-common-2.7.1.jar:?]
	at org.apache.hadoop.util.Shell.<clinit>(Shell.java:364) [hadoop-common-2.7.1.jar:?]
	at org.apache.hadoop.util.StringUtils.<clinit>(StringUtils.java:80) [hadoop-common-2.7.1.jar:?]
	at org.apache.hadoop.security.SecurityUtil.getAuthenticationMethod(SecurityUtil.java:611) [hadoop-common-2.7.1.jar:?]
	at org.apache.hadoop.security.UserGroupInformation.initialize(UserGroupInformation.java:272) [hadoop-common-2.7.1.jar:?]
	at org.apache.hadoop.security.UserGroupInformation.setConfiguration(UserGroupInformation.java:311) [hadoop-common-2.7.1.jar:?]
	at com.tauriel.demo.es_sql_demo.JdbcTest_Kerberos_HikariCP.esKerberosDruidDataSource(JdbcTest_Kerberos_HikariCP.java:50) [classes/:?]
	at com.tauriel.demo.es_sql_demo.JdbcTest_Kerberos_HikariCP.test(JdbcTest_Kerberos_HikariCP.java:73) [classes/:?]
	at sun.reflect.NativeMethodAccessorImpl.invoke0(Native Method) ~[?:1.8.0_111]
	at sun.reflect.NativeMethodAccessorImpl.invoke(NativeMethodAccessorImpl.java:62) ~[?:1.8.0_111]
	at sun.reflect.DelegatingMethodAccessorImpl.invoke(DelegatingMethodAccessorImpl.java:43) ~[?:1.8.0_111]
	at java.lang.reflect.Method.invoke(Method.java:498) ~[?:1.8.0_111]
	at org.junit.runners.model.FrameworkMethod$1.runReflectiveCall(FrameworkMethod.java:50) [junit-4.12.jar:4.12]
	at org.junit.internal.runners.model.ReflectiveCallable.run(ReflectiveCallable.java:12) [junit-4.12.jar:4.12]
	at org.junit.runners.model.FrameworkMethod.invokeExplosively(FrameworkMethod.java:47) [junit-4.12.jar:4.12]
	at org.junit.internal.runners.statements.InvokeMethod.evaluate(InvokeMethod.java:17) [junit-4.12.jar:4.12]
	at org.junit.runners.ParentRunner.runLeaf(ParentRunner.java:325) [junit-4.12.jar:4.12]
	at org.junit.runners.BlockJUnit4ClassRunner.runChild(BlockJUnit4ClassRunner.java:78) [junit-4.12.jar:4.12]
	at org.junit.runners.BlockJUnit4ClassRunner.runChild(BlockJUnit4ClassRunner.java:57) [junit-4.12.jar:4.12]
	at org.junit.runners.ParentRunner$3.run(ParentRunner.java:290) [junit-4.12.jar:4.12]
	at org.junit.runners.ParentRunner$1.schedule(ParentRunner.java:71) [junit-4.12.jar:4.12]
	at org.junit.runners.ParentRunner.runChildren(ParentRunner.java:288) [junit-4.12.jar:4.12]
	at org.junit.runners.ParentRunner.access$000(ParentRunner.java:58) [junit-4.12.jar:4.12]
	at org.junit.runners.ParentRunner$2.evaluate(ParentRunner.java:268) [junit-4.12.jar:4.12]
	at org.junit.runners.ParentRunner.run(ParentRunner.java:363) [junit-4.12.jar:4.12]
	at org.junit.runner.JUnitCore.run(JUnitCore.java:137) [junit-4.12.jar:4.12]
	at com.intellij.junit4.JUnit4IdeaTestRunner.startRunnerWithArgs(JUnit4IdeaTestRunner.java:68) [junit-rt.jar:?]
	at com.intellij.rt.execution.junit.IdeaTestRunner$Repeater.startRunnerWithArgs(IdeaTestRunner.java:47) [junit-rt.jar:?]
	at com.intellij.rt.execution.junit.JUnitStarter.prepareStreamsAndStart(JUnitStarter.java:242) [junit-rt.jar:?]
	at com.intellij.rt.execution.junit.JUnitStarter.main(JUnitStarter.java:70) [junit-rt.jar:?]

2019-03-25 at 13:59:03 CST WARN  org.apache.hadoop.util.NativeCodeLoader 62 <clinit> - Unable to load native-hadoop library for your platform... using builtin-java classes where applicable
